{"/mnt/c/Users/uSer/Desktop/3º informatica/segundo cuatri/DSI/Digitalizando la colección de música de los abuelos/ull-esit-inf-dsi-21-22-prct07-music-datamodel-grupo_s/src/DefinitiveHierarchy/PrincipalClases/artist.ts":{"path":"/mnt/c/Users/uSer/Desktop/3º informatica/segundo cuatri/DSI/Digitalizando la colección de música de los abuelos/ull-esit-inf-dsi-21-22-prct07-music-datamodel-grupo_s/src/DefinitiveHierarchy/PrincipalClases/artist.ts","statementMap":{"0":{"start":{"line":2,"column":0},"end":{"line":2,"column":62}},"1":{"start":{"line":3,"column":0},"end":{"line":3,"column":24}},"2":{"start":{"line":20,"column":8},"end":{"line":20,"column":25}},"3":{"start":{"line":21,"column":8},"end":{"line":21,"column":27}},"4":{"start":{"line":22,"column":8},"end":{"line":22,"column":27}},"5":{"start":{"line":23,"column":8},"end":{"line":23,"column":27}},"6":{"start":{"line":24,"column":8},"end":{"line":24,"column":45}},"7":{"start":{"line":25,"column":8},"end":{"line":25,"column":49}},"8":{"start":{"line":32,"column":8},"end":{"line":32,"column":25}},"9":{"start":{"line":39,"column":8},"end":{"line":39,"column":26}},"10":{"start":{"line":46,"column":8},"end":{"line":50,"column":9}},"11":{"start":{"line":46,"column":21},"end":{"line":46,"column":22}},"12":{"start":{"line":47,"column":12},"end":{"line":49,"column":13}},"13":{"start":{"line":48,"column":16},"end":{"line":48,"column":37}},"14":{"start":{"line":51,"column":8},"end":{"line":51,"column":29}},"15":{"start":{"line":58,"column":8},"end":{"line":62,"column":9}},"16":{"start":{"line":58,"column":21},"end":{"line":58,"column":22}},"17":{"start":{"line":59,"column":12},"end":{"line":61,"column":13}},"18":{"start":{"line":60,"column":16},"end":{"line":60,"column":37}},"19":{"start":{"line":63,"column":8},"end":{"line":63,"column":29}},"20":{"start":{"line":70,"column":8},"end":{"line":70,"column":35}},"21":{"start":{"line":77,"column":8},"end":{"line":77,"column":37}},"22":{"start":{"line":80,"column":0},"end":{"line":80,"column":24}}},"fnMap":{"0":{"name":"(anonymous_0)","decl":{"start":{"line":19,"column":4},"end":{"line":19,"column":5}},"loc":{"start":{"line":19,"column":77},"end":{"line":26,"column":5}},"line":19},"1":{"name":"(anonymous_1)","decl":{"start":{"line":31,"column":4},"end":{"line":31,"column":5}},"loc":{"start":{"line":31,"column":14},"end":{"line":33,"column":5}},"line":31},"2":{"name":"(anonymous_2)","decl":{"start":{"line":38,"column":4},"end":{"line":38,"column":5}},"loc":{"start":{"line":38,"column":15},"end":{"line":40,"column":5}},"line":38},"3":{"name":"(anonymous_3)","decl":{"start":{"line":45,"column":4},"end":{"line":45,"column":5}},"loc":{"start":{"line":45,"column":21},"end":{"line":52,"column":5}},"line":45},"4":{"name":"(anonymous_4)","decl":{"start":{"line":57,"column":4},"end":{"line":57,"column":5}},"loc":{"start":{"line":57,"column":24},"end":{"line":64,"column":5}},"line":57},"5":{"name":"(anonymous_5)","decl":{"start":{"line":69,"column":4},"end":{"line":69,"column":5}},"loc":{"start":{"line":69,"column":24},"end":{"line":71,"column":5}},"line":69},"6":{"name":"(anonymous_6)","decl":{"start":{"line":76,"column":4},"end":{"line":76,"column":5}},"loc":{"start":{"line":76,"column":26},"end":{"line":78,"column":5}},"line":76}},"branchMap":{"0":{"loc":{"start":{"line":47,"column":12},"end":{"line":49,"column":13}},"type":"if","locations":[{"start":{"line":47,"column":12},"end":{"line":49,"column":13}},{"start":{"line":47,"column":12},"end":{"line":49,"column":13}}],"line":47},"1":{"loc":{"start":{"line":59,"column":12},"end":{"line":61,"column":13}},"type":"if","locations":[{"start":{"line":59,"column":12},"end":{"line":61,"column":13}},{"start":{"line":59,"column":12},"end":{"line":61,"column":13}}],"line":59}},"s":{"0":1,"1":1,"2":31,"3":31,"4":31,"5":31,"6":31,"7":31,"8":60,"9":6,"10":10,"11":10,"12":10,"13":3,"14":7,"15":10,"16":10,"17":10,"18":3,"19":7,"20":2,"21":2,"22":1},"f":{"0":31,"1":60,"2":6,"3":10,"4":10,"5":2,"6":2},"b":{"0":[3,7],"1":[3,7]},"inputSourceMap":{"version":3,"file":"/mnt/c/Users/uSer/Desktop/3º informatica/segundo cuatri/DSI/Digitalizando la colección de música de los abuelos/ull-esit-inf-dsi-21-22-prct07-music-datamodel-grupo_s/src/DefinitiveHierarchy/PrincipalClases/artist.ts","sources":["/mnt/c/Users/uSer/Desktop/3º informatica/segundo cuatri/DSI/Digitalizando la colección de música de los abuelos/ull-esit-inf-dsi-21-22-prct07-music-datamodel-grupo_s/src/DefinitiveHierarchy/PrincipalClases/artist.ts"],"names":[],"mappings":";;;AAAA,oCAAoC;AACpC;;;GAGG;AACH,MAAa,MAAM;IACjB;;;;;;;;OAQG;IACH,YAAoB,IAAY,EAAU,KAAa,EAAU,KAAe,EACtE,KAAe,EAAU,cAAsB,EAAU,gBAAwB;QADvE,SAAI,GAAJ,IAAI,CAAQ;QAAU,UAAK,GAAL,KAAK,CAAQ;QAAU,UAAK,GAAL,KAAK,CAAU;QACtE,UAAK,GAAL,KAAK,CAAU;QAAU,mBAAc,GAAd,cAAc,CAAQ;QAAU,qBAAgB,GAAhB,gBAAgB,CAAQ;IAC3F,CAAC;IAED;;;OAGG;IACH,OAAO;QACL,OAAO,IAAI,CAAC,IAAI,CAAC;IACnB,CAAC;IAED;;;OAGG;IACH,QAAQ;QACN,OAAO,IAAI,CAAC,KAAK,CAAC;IACpB,CAAC;IAED;;;MAGE;IACF,QAAQ,CAAC,MAAc;QACrB,KAAK,IAAI,CAAC,GAAG,CAAC,EAAE,CAAC,GAAG,IAAI,CAAC,KAAK,CAAC,MAAM,EAAE,CAAC,EAAE,EAAE;YAC1C,IAAI,MAAM,KAAK,IAAI,CAAC,KAAK,CAAC,CAAC,CAAC,EAAE;gBAC5B,OAAO,IAAI,CAAC,KAAK,CAAC,CAAC,CAAC,CAAC;aACtB;SACF;QACD,OAAO,IAAI,CAAC,KAAK,CAAC,CAAC,CAAC,CAAC;IACvB,CAAC;IAED;;;OAGG;IACH,QAAQ,CAAC,SAAiB;QACxB,KAAK,IAAI,CAAC,GAAG,CAAC,EAAE,CAAC,GAAG,IAAI,CAAC,KAAK,CAAC,MAAM,EAAE,CAAC,EAAE,EAAE;YAC1C,IAAI,SAAS,KAAK,IAAI,CAAC,KAAK,CAAC,CAAC,CAAC,EAAE;gBAC/B,OAAO,IAAI,CAAC,KAAK,CAAC,CAAC,CAAC,CAAC;aACtB;SACF;QACD,OAAO,IAAI,CAAC,KAAK,CAAC,CAAC,CAAC,CAAC;IACvB,CAAC;IAED;;;OAGG;IACH,iBAAiB;QACf,OAAO,IAAI,CAAC,cAAc,CAAC;IAC7B,CAAC;IAED;;;OAGG;IACH,mBAAmB;QACjB,OAAO,IAAI,CAAC,gBAAgB,CAAC;IAC/B,CAAC;CACF;AAvED,wBAuEC","sourcesContent":["/* eslint-disable linebreak-style */\n/**\n * This class represents the structure of the\n * artist objects\n */\nexport class Artist {\n  /**\n   * Creates an artist object\n   * @param name Artist name\n   * @param group Name of the artist's group\n   * @param genre Music genre of the artist\n   * @param album Album name of the artist\n   * @param publishedSongs Number of published songs\n   * @param monthlyListeners Monthly Listeners of the artist\n   */\n  constructor(private name: string, private group: string, private genre: string[],\n    private album: string[], private publishedSongs: number, private monthlyListeners: number) {\n  }\n\n  /**\n   * Gets the name of the artist\n   * @return Artist name\n   */\n  getName(): string {\n    return this.name;\n  }\n\n  /**\n   * Gets the group name\n   * @return Name of the artist's group\n   */\n  getGroup(): string {\n    return this.group;\n  }\n\n  /**\n   * Gets the genre of the artist\n   * @return Music genre of the artist\n  */\n  getGenre(genres: string): string {\n    for (let i = 0; i < this.genre.length; i++) {\n      if (genres === this.genre[i]) {\n        return this.genre[i];\n      }\n    }\n    return this.genre[0];\n  }\n\n  /**\n   * Gets the album name\n   * @return Album name of the artist\n   */\n  getAlbum(albumName: string): string {\n    for (let i = 0; i < this.album.length; i++) {\n      if (albumName === this.album[i]) {\n        return this.album[i];\n      }\n    }\n    return this.album[0];\n  }\n\n  /**\n   * Gets the name of the published songs\n   * @return Name of the published songs\n   */\n  getPublishedSongs(): number {\n    return this.publishedSongs;\n  }\n\n  /**\n   * Gets the number of monthly listeners\n   * @return Monthly Listeners of the artist\n   */\n  getMonthlyListeners(): number {\n    return this.monthlyListeners;\n  }\n}\n"]},"_coverageSchema":"1a1c01bbd47fc00a2c39e90264f33305004495a9","hash":"a5c2e506ff067d02731ee3328dd078c141d0f4ee","contentHash":"71d670650a820f8353abfe7515d3dbe90558b5fa66a09382641e4c0c044116eb"},"/mnt/c/Users/uSer/Desktop/3º informatica/segundo cuatri/DSI/Digitalizando la colección de música de los abuelos/ull-esit-inf-dsi-21-22-prct07-music-datamodel-grupo_s/src/DefinitiveHierarchy/Collectionables/artistCollection.ts":{"path":"/mnt/c/Users/uSer/Desktop/3º informatica/segundo cuatri/DSI/Digitalizando la colección de música de los abuelos/ull-esit-inf-dsi-21-22-prct07-music-datamodel-grupo_s/src/DefinitiveHierarchy/Collectionables/artistCollection.ts","statementMap":{"0":{"start":{"line":2,"column":0},"end":{"line":2,"column":62}},"1":{"start":{"line":3,"column":0},"end":{"line":3,"column":35}},"2":{"start":{"line":5,"column":36},"end":{"line":5,"column":74}},"3":{"start":{"line":15,"column":8},"end":{"line":15,"column":23}},"4":{"start":{"line":16,"column":8},"end":{"line":16,"column":31}},"5":{"start":{"line":23,"column":8},"end":{"line":23,"column":34}},"6":{"start":{"line":30,"column":8},"end":{"line":34,"column":9}},"7":{"start":{"line":30,"column":21},"end":{"line":30,"column":22}},"8":{"start":{"line":31,"column":12},"end":{"line":33,"column":13}},"9":{"start":{"line":32,"column":16},"end":{"line":32,"column":39}},"10":{"start":{"line":35,"column":8},"end":{"line":35,"column":56}},"11":{"start":{"line":43,"column":22},"end":{"line":43,"column":24}},"12":{"start":{"line":44,"column":8},"end":{"line":48,"column":9}},"13":{"start":{"line":44,"column":21},"end":{"line":44,"column":22}},"14":{"start":{"line":45,"column":12},"end":{"line":47,"column":13}},"15":{"start":{"line":46,"column":16},"end":{"line":46,"column":52}},"16":{"start":{"line":49,"column":8},"end":{"line":51,"column":9}},"17":{"start":{"line":50,"column":12},"end":{"line":50,"column":54}},"18":{"start":{"line":52,"column":8},"end":{"line":52,"column":23}},"19":{"start":{"line":60,"column":22},"end":{"line":60,"column":24}},"20":{"start":{"line":61,"column":8},"end":{"line":65,"column":9}},"21":{"start":{"line":61,"column":21},"end":{"line":61,"column":22}},"22":{"start":{"line":62,"column":12},"end":{"line":64,"column":13}},"23":{"start":{"line":63,"column":16},"end":{"line":63,"column":53}},"24":{"start":{"line":66,"column":8},"end":{"line":68,"column":9}},"25":{"start":{"line":67,"column":12},"end":{"line":67,"column":52}},"26":{"start":{"line":69,"column":8},"end":{"line":69,"column":23}},"27":{"start":{"line":77,"column":22},"end":{"line":77,"column":24}},"28":{"start":{"line":78,"column":8},"end":{"line":82,"column":9}},"29":{"start":{"line":78,"column":21},"end":{"line":78,"column":22}},"30":{"start":{"line":79,"column":12},"end":{"line":81,"column":13}},"31":{"start":{"line":80,"column":16},"end":{"line":80,"column":58}},"32":{"start":{"line":83,"column":8},"end":{"line":85,"column":9}},"33":{"start":{"line":84,"column":12},"end":{"line":84,"column":53}},"34":{"start":{"line":86,"column":8},"end":{"line":86,"column":23}},"35":{"start":{"line":94,"column":22},"end":{"line":94,"column":24}},"36":{"start":{"line":95,"column":8},"end":{"line":99,"column":9}},"37":{"start":{"line":95,"column":21},"end":{"line":95,"column":22}},"38":{"start":{"line":96,"column":12},"end":{"line":98,"column":13}},"39":{"start":{"line":97,"column":16},"end":{"line":97,"column":62}},"40":{"start":{"line":100,"column":8},"end":{"line":102,"column":9}},"41":{"start":{"line":101,"column":12},"end":{"line":101,"column":52}},"42":{"start":{"line":103,"column":8},"end":{"line":103,"column":23}},"43":{"start":{"line":111,"column":22},"end":{"line":111,"column":23}},"44":{"start":{"line":112,"column":8},"end":{"line":116,"column":9}},"45":{"start":{"line":112,"column":21},"end":{"line":112,"column":22}},"46":{"start":{"line":113,"column":12},"end":{"line":115,"column":13}},"47":{"start":{"line":114,"column":16},"end":{"line":114,"column":62}},"48":{"start":{"line":117,"column":8},"end":{"line":119,"column":9}},"49":{"start":{"line":118,"column":12},"end":{"line":118,"column":55}},"50":{"start":{"line":120,"column":8},"end":{"line":120,"column":23}},"51":{"start":{"line":128,"column":22},"end":{"line":128,"column":23}},"52":{"start":{"line":129,"column":8},"end":{"line":133,"column":9}},"53":{"start":{"line":129,"column":21},"end":{"line":129,"column":22}},"54":{"start":{"line":130,"column":12},"end":{"line":132,"column":13}},"55":{"start":{"line":131,"column":16},"end":{"line":131,"column":64}},"56":{"start":{"line":134,"column":8},"end":{"line":136,"column":9}},"57":{"start":{"line":135,"column":12},"end":{"line":135,"column":25}},"58":{"start":{"line":137,"column":8},"end":{"line":137,"column":23}},"59":{"start":{"line":145,"column":8},"end":{"line":145,"column":38}},"60":{"start":{"line":146,"column":8},"end":{"line":146,"column":28}},"61":{"start":{"line":154,"column":16},"end":{"line":154,"column":17}},"62":{"start":{"line":155,"column":8},"end":{"line":159,"column":9}},"63":{"start":{"line":156,"column":12},"end":{"line":158,"column":13}},"64":{"start":{"line":157,"column":16},"end":{"line":157,"column":22}},"65":{"start":{"line":160,"column":8},"end":{"line":160,"column":36}},"66":{"start":{"line":167,"column":8},"end":{"line":167,"column":35}},"67":{"start":{"line":175,"column":8},"end":{"line":175,"column":49}},"68":{"start":{"line":178,"column":0},"end":{"line":178,"column":46}}},"fnMap":{"0":{"name":"(anonymous_0)","decl":{"start":{"line":14,"column":4},"end":{"line":14,"column":5}},"loc":{"start":{"line":14,"column":25},"end":{"line":17,"column":5}},"line":14},"1":{"name":"(anonymous_1)","decl":{"start":{"line":22,"column":4},"end":{"line":22,"column":5}},"loc":{"start":{"line":22,"column":22},"end":{"line":24,"column":5}},"line":22},"2":{"name":"(anonymous_2)","decl":{"start":{"line":29,"column":4},"end":{"line":29,"column":5}},"loc":{"start":{"line":29,"column":22},"end":{"line":36,"column":5}},"line":29},"3":{"name":"(anonymous_3)","decl":{"start":{"line":42,"column":4},"end":{"line":42,"column":5}},"loc":{"start":{"line":42,"column":20},"end":{"line":53,"column":5}},"line":42},"4":{"name":"(anonymous_4)","decl":{"start":{"line":59,"column":4},"end":{"line":59,"column":5}},"loc":{"start":{"line":59,"column":24},"end":{"line":70,"column":5}},"line":59},"5":{"name":"(anonymous_5)","decl":{"start":{"line":76,"column":4},"end":{"line":76,"column":5}},"loc":{"start":{"line":76,"column":20},"end":{"line":87,"column":5}},"line":76},"6":{"name":"(anonymous_6)","decl":{"start":{"line":93,"column":4},"end":{"line":93,"column":5}},"loc":{"start":{"line":93,"column":24},"end":{"line":104,"column":5}},"line":93},"7":{"name":"(anonymous_7)","decl":{"start":{"line":110,"column":4},"end":{"line":110,"column":5}},"loc":{"start":{"line":110,"column":30},"end":{"line":121,"column":5}},"line":110},"8":{"name":"(anonymous_8)","decl":{"start":{"line":127,"column":4},"end":{"line":127,"column":5}},"loc":{"start":{"line":127,"column":32},"end":{"line":138,"column":5}},"line":127},"9":{"name":"(anonymous_9)","decl":{"start":{"line":144,"column":4},"end":{"line":144,"column":5}},"loc":{"start":{"line":144,"column":24},"end":{"line":147,"column":5}},"line":144},"10":{"name":"(anonymous_10)","decl":{"start":{"line":153,"column":4},"end":{"line":153,"column":5}},"loc":{"start":{"line":153,"column":32},"end":{"line":161,"column":5}},"line":153},"11":{"name":"(anonymous_11)","decl":{"start":{"line":166,"column":4},"end":{"line":166,"column":5}},"loc":{"start":{"line":166,"column":33},"end":{"line":168,"column":5}},"line":166},"12":{"name":"(anonymous_12)","decl":{"start":{"line":174,"column":4},"end":{"line":174,"column":5}},"loc":{"start":{"line":174,"column":29},"end":{"line":176,"column":5}},"line":174}},"branchMap":{"0":{"loc":{"start":{"line":31,"column":12},"end":{"line":33,"column":13}},"type":"if","locations":[{"start":{"line":31,"column":12},"end":{"line":33,"column":13}},{"start":{"line":31,"column":12},"end":{"line":33,"column":13}}],"line":31},"1":{"loc":{"start":{"line":45,"column":12},"end":{"line":47,"column":13}},"type":"if","locations":[{"start":{"line":45,"column":12},"end":{"line":47,"column":13}},{"start":{"line":45,"column":12},"end":{"line":47,"column":13}}],"line":45},"2":{"loc":{"start":{"line":49,"column":8},"end":{"line":51,"column":9}},"type":"if","locations":[{"start":{"line":49,"column":8},"end":{"line":51,"column":9}},{"start":{"line":49,"column":8},"end":{"line":51,"column":9}}],"line":49},"3":{"loc":{"start":{"line":62,"column":12},"end":{"line":64,"column":13}},"type":"if","locations":[{"start":{"line":62,"column":12},"end":{"line":64,"column":13}},{"start":{"line":62,"column":12},"end":{"line":64,"column":13}}],"line":62},"4":{"loc":{"start":{"line":66,"column":8},"end":{"line":68,"column":9}},"type":"if","locations":[{"start":{"line":66,"column":8},"end":{"line":68,"column":9}},{"start":{"line":66,"column":8},"end":{"line":68,"column":9}}],"line":66},"5":{"loc":{"start":{"line":79,"column":12},"end":{"line":81,"column":13}},"type":"if","locations":[{"start":{"line":79,"column":12},"end":{"line":81,"column":13}},{"start":{"line":79,"column":12},"end":{"line":81,"column":13}}],"line":79},"6":{"loc":{"start":{"line":83,"column":8},"end":{"line":85,"column":9}},"type":"if","locations":[{"start":{"line":83,"column":8},"end":{"line":85,"column":9}},{"start":{"line":83,"column":8},"end":{"line":85,"column":9}}],"line":83},"7":{"loc":{"start":{"line":96,"column":12},"end":{"line":98,"column":13}},"type":"if","locations":[{"start":{"line":96,"column":12},"end":{"line":98,"column":13}},{"start":{"line":96,"column":12},"end":{"line":98,"column":13}}],"line":96},"8":{"loc":{"start":{"line":100,"column":8},"end":{"line":102,"column":9}},"type":"if","locations":[{"start":{"line":100,"column":8},"end":{"line":102,"column":9}},{"start":{"line":100,"column":8},"end":{"line":102,"column":9}}],"line":100},"9":{"loc":{"start":{"line":113,"column":12},"end":{"line":115,"column":13}},"type":"if","locations":[{"start":{"line":113,"column":12},"end":{"line":115,"column":13}},{"start":{"line":113,"column":12},"end":{"line":115,"column":13}}],"line":113},"10":{"loc":{"start":{"line":117,"column":8},"end":{"line":119,"column":9}},"type":"if","locations":[{"start":{"line":117,"column":8},"end":{"line":119,"column":9}},{"start":{"line":117,"column":8},"end":{"line":119,"column":9}}],"line":117},"11":{"loc":{"start":{"line":130,"column":12},"end":{"line":132,"column":13}},"type":"if","locations":[{"start":{"line":130,"column":12},"end":{"line":132,"column":13}},{"start":{"line":130,"column":12},"end":{"line":132,"column":13}}],"line":130},"12":{"loc":{"start":{"line":134,"column":8},"end":{"line":136,"column":9}},"type":"if","locations":[{"start":{"line":134,"column":8},"end":{"line":136,"column":9}},{"start":{"line":134,"column":8},"end":{"line":136,"column":9}}],"line":134},"13":{"loc":{"start":{"line":156,"column":12},"end":{"line":158,"column":13}},"type":"if","locations":[{"start":{"line":156,"column":12},"end":{"line":158,"column":13}},{"start":{"line":156,"column":12},"end":{"line":158,"column":13}}],"line":156}},"s":{"0":1,"1":1,"2":1,"3":1,"4":1,"5":1,"6":1,"7":1,"8":4,"9":0,"10":1,"11":1,"12":1,"13":1,"14":4,"15":0,"16":1,"17":1,"18":1,"19":1,"20":1,"21":1,"22":4,"23":1,"24":1,"25":0,"26":1,"27":2,"28":2,"29":2,"30":8,"31":1,"32":2,"33":1,"34":2,"35":2,"36":2,"37":2,"38":8,"39":1,"40":2,"41":1,"42":2,"43":2,"44":2,"45":2,"46":8,"47":1,"48":2,"49":1,"50":2,"51":2,"52":2,"53":2,"54":8,"55":1,"56":2,"57":1,"58":2,"59":0,"60":0,"61":0,"62":0,"63":0,"64":0,"65":0,"66":1,"67":1,"68":1},"f":{"0":1,"1":1,"2":1,"3":1,"4":1,"5":2,"6":2,"7":2,"8":2,"9":0,"10":0,"11":1,"12":1},"b":{"0":[0,4],"1":[0,4],"2":[1,0],"3":[1,3],"4":[0,1],"5":[1,7],"6":[1,1],"7":[1,7],"8":[1,1],"9":[1,7],"10":[1,1],"11":[1,7],"12":[1,1],"13":[0,0]},"inputSourceMap":{"version":3,"file":"/mnt/c/Users/uSer/Desktop/3º informatica/segundo cuatri/DSI/Digitalizando la colección de música de los abuelos/ull-esit-inf-dsi-21-22-prct07-music-datamodel-grupo_s/src/DefinitiveHierarchy/Collectionables/artistCollection.ts","sources":["/mnt/c/Users/uSer/Desktop/3º informatica/segundo cuatri/DSI/Digitalizando la colección de música de los abuelos/ull-esit-inf-dsi-21-22-prct07-music-datamodel-grupo_s/src/DefinitiveHierarchy/Collectionables/artistCollection.ts"],"names":[],"mappings":";;;AAAA,oCAAoC;AACpC,2EAAsE;AAGtE;;GAEG;AACH,MAAa,iBAAkB,SAAQ,qDAAiC;IACtE;;;OAGG;IACH,YAAsB,OAAiB;QACrC,KAAK,CAAC,OAAO,CAAC,CAAC;QADK,YAAO,GAAP,OAAO,CAAU;IAEvC,CAAC;IACD;;;OAGG;IACI,SAAS,CAAC,MAAc;QAC7B,IAAI,CAAC,OAAO,CAAC,IAAI,CAAC,MAAM,CAAC,CAAC;IAC5B,CAAC;IACD;;;OAGG;IACI,SAAS,CAAC,MAAc;QAC7B,KAAK,IAAI,CAAC,GAAG,CAAC,EAAE,CAAC,GAAG,IAAI,CAAC,OAAO,CAAC,MAAM,EAAE,CAAC,EAAE,EAAE;YAC5C,IAAI,IAAI,CAAC,OAAO,CAAC,CAAC,CAAC,CAAC,OAAO,EAAE,KAAK,MAAM,EAAE;gBACxC,OAAO,IAAI,CAAC,OAAO,CAAC,CAAC,CAAC,CAAC;aACxB;SACF;QACD,OAAO,wCAAwC,CAAC;IAClD,CAAC;IACD;;;;OAIG;IACI,OAAO,CAAC,MAAc;QAC3B,IAAI,OAAO,GAAW,EAAE,CAAC;QACzB,KAAK,IAAI,CAAC,GAAG,CAAC,EAAE,CAAC,GAAG,IAAI,CAAC,OAAO,CAAC,MAAM,EAAE,CAAC,EAAE,EAAE;YAC5C,IAAI,IAAI,CAAC,OAAO,CAAC,CAAC,CAAC,CAAC,OAAO,EAAE,KAAK,MAAM,EAAE;gBACxC,OAAO,GAAG,IAAI,CAAC,OAAO,CAAC,CAAC,CAAC,CAAC,OAAO,EAAE,CAAC;aACrC;SACF;QACD,IAAI,OAAO,KAAK,EAAE,EAAE;YAClB,OAAO,GAAG,+BAA+B,CAAC;SAC3C;QACD,OAAO,OAAO,CAAC;IACjB,CAAC;IACD;;;;OAIG;IACI,QAAQ,CAAC,SAAiB;QAC/B,IAAI,OAAO,GAAW,EAAE,CAAC;QACzB,KAAK,IAAI,CAAC,GAAG,CAAC,EAAE,CAAC,GAAG,IAAI,CAAC,OAAO,CAAC,MAAM,EAAE,CAAC,EAAE,EAAE;YAC5C,IAAI,IAAI,CAAC,OAAO,CAAC,CAAC,CAAC,CAAC,QAAQ,EAAE,KAAK,SAAS,EAAE;gBAC5C,OAAO,GAAG,IAAI,CAAC,OAAO,CAAC,CAAC,CAAC,CAAC,QAAQ,EAAE,CAAC;aACtC;SACF;QACD,IAAI,OAAO,KAAK,EAAE,EAAE;YAClB,OAAO,GAAG,6BAA6B,CAAC;SACzC;QACD,OAAO,OAAO,CAAC;IACjB,CAAC;IACD;;;;OAIG;IACI,QAAQ,CAAC,KAAa;QAC3B,IAAI,OAAO,GAAW,EAAE,CAAC;QACzB,KAAK,IAAI,CAAC,GAAG,CAAC,EAAE,CAAC,GAAG,IAAI,CAAC,OAAO,CAAC,MAAM,EAAE,CAAC,EAAE,EAAE;YAC5C,IAAI,IAAI,CAAC,OAAO,CAAC,CAAC,CAAC,CAAC,QAAQ,CAAC,KAAK,CAAC,KAAK,KAAK,EAAE;gBAC7C,OAAO,GAAG,IAAI,CAAC,OAAO,CAAC,CAAC,CAAC,CAAC,QAAQ,CAAC,KAAK,CAAC,CAAC;aAC3C;SACF;QACD,IAAI,OAAO,KAAK,EAAE,EAAE;YAClB,OAAO,GAAG,8BAA8B,CAAC;SAC1C;QACD,OAAO,OAAO,CAAC;IACjB,CAAC;IACD;;;;OAIG;IACI,QAAQ,CAAC,SAAiB;QAC/B,IAAI,OAAO,GAAW,EAAE,CAAC;QACzB,KAAK,IAAI,CAAC,GAAG,CAAC,EAAE,CAAC,GAAG,IAAI,CAAC,OAAO,CAAC,MAAM,EAAE,CAAC,EAAE,EAAE;YAC5C,IAAI,IAAI,CAAC,OAAO,CAAC,CAAC,CAAC,CAAC,QAAQ,CAAC,SAAS,CAAC,KAAK,SAAS,EAAE;gBACrD,OAAO,GAAG,IAAI,CAAC,OAAO,CAAC,CAAC,CAAC,CAAC,QAAQ,CAAC,SAAS,CAAC,CAAC;aAC/C;SACF;QACD,IAAI,OAAO,KAAK,EAAE,EAAE;YAClB,OAAO,GAAG,6BAA6B,CAAC;SACzC;QACD,OAAO,OAAO,CAAC;IACjB,CAAC;IACD;;;;OAIG;IACI,iBAAiB,CAAC,MAAc;QACrC,IAAI,OAAO,GAAW,CAAC,CAAC;QACxB,KAAK,IAAI,CAAC,GAAG,CAAC,EAAE,CAAC,GAAG,IAAI,CAAC,OAAO,CAAC,MAAM,EAAE,CAAC,EAAE,EAAE;YAC5C,IAAI,IAAI,CAAC,OAAO,CAAC,CAAC,CAAC,CAAC,OAAO,EAAE,KAAK,MAAM,EAAE;gBACxC,OAAO,GAAG,IAAI,CAAC,OAAO,CAAC,CAAC,CAAC,CAAC,iBAAiB,EAAE,CAAC;aAC/C;SACF;QACD,IAAI,OAAO,KAAK,CAAC,EAAE;YACjB,OAAO,CAAC,GAAG,CAAC,6BAA6B,CAAC,CAAC;SAC5C;QACD,OAAO,OAAO,CAAC;IACjB,CAAC;IACD;;;;OAIG;IACI,mBAAmB,CAAC,MAAc;QACvC,IAAI,OAAO,GAAW,CAAC,CAAC;QACxB,KAAK,IAAI,CAAC,GAAG,CAAC,EAAE,CAAC,GAAG,IAAI,CAAC,OAAO,CAAC,MAAM,EAAE,CAAC,EAAE,EAAE;YAC5C,IAAI,IAAI,CAAC,OAAO,CAAC,CAAC,CAAC,CAAC,OAAO,EAAE,KAAK,MAAM,EAAE;gBACxC,OAAO,GAAG,IAAI,CAAC,OAAO,CAAC,CAAC,CAAC,CAAC,mBAAmB,EAAE,CAAC;aACjD;SACF;QACD,IAAI,OAAO,KAAK,CAAC,EAAE;YACjB,OAAO,GAAG,CAAC,CAAC,CAAC;SACd;QACD,OAAO,OAAO,CAAC;IACjB,CAAC;IACD;;;;OAIG;IACK,YAAY,CAAC,KAAa;QAChC,IAAI,CAAC,OAAO,CAAC,MAAM,CAAC,KAAK,EAAE,CAAC,CAAC,CAAC;QAC9B,OAAO,IAAI,CAAC,OAAO,CAAC;IACtB,CAAC;IACD;;;;OAIG;IACI,eAAe,CAAC,UAAkB;QACvC,IAAI,CAAC,GAAG,CAAC,CAAC;QACV,KAAK,CAAC,GAAG,CAAC,EAAE,CAAC,GAAG,IAAI,CAAC,OAAO,CAAC,MAAM,EAAE,CAAC,EAAE,EAAE;YACxC,IAAI,IAAI,CAAC,OAAO,CAAC,CAAC,CAAC,CAAC,OAAO,EAAE,KAAK,UAAU,EAAE;gBAC5C,MAAM;aACP;SACF;QACD,OAAO,IAAI,CAAC,YAAY,CAAC,CAAC,CAAC,CAAC;IAC9B,CAAC;IACD;;;OAGG;IACI,0BAA0B;QAC/B,OAAO,IAAI,CAAC,OAAO,CAAC,MAAM,CAAC;IAC7B,CAAC;IACD;;;;OAIG;IACI,aAAa,CAAC,SAAiB;QACpC,OAAO,IAAI,CAAC,OAAO,CAAC,SAAS,CAAC,CAAC,OAAO,EAAE,CAAC;IAC3C,CAAC;CACF;AAvKD,8CAuKC","sourcesContent":["/* eslint-disable linebreak-style */\nimport {BasicStreamableCollection} from './basicstreamablecollection';\nimport {Artist} from '../PrincipalClases/artist';\n\n/**\n * Collection of artists\n */\nexport class ArtistsCollection extends BasicStreamableCollection<Artist> {\n  /**\n   * Recieves an artist array\n   * @param artists Artist array\n   */\n  constructor(protected artists: Artist[]) {\n    super(artists);\n  }\n  /**\n   * Adds an artist object to the collection\n   * @param author Authors of any song\n   */\n  public addArtist(author: Artist) {\n    this.artists.push(author);\n  }\n  /**\n   * Gets the artist object of the collection\n   * @param author Artist element\n   */\n  public getArtist(author: string): Artist | string {\n    for (let i = 0; i < this.artists.length; i++) {\n      if (this.artists[i].getName() === author) {\n        return this.artists[i];\n      }\n    }\n    return `No existe el artista que desea obtener`;\n  }\n  /**\n   * Gets the artist name\n   * @param author Author name\n   * @return Artist name\n   */\n  public getName(author: string): string {\n    let success: string = ``;\n    for (let i = 0; i < this.artists.length; i++) {\n      if (this.artists[i].getName() === author) {\n        success = this.artists[i].getName();\n      }\n    }\n    if (success === ``) {\n      success = `No existe el artista a buscar`;\n    }\n    return success;\n  }\n  /**\n   * Gets the artists groups\n   * @param groupName Group name\n   * @return Artist group\n   */\n  public getGroup(groupName: string): string {\n    let success: string = ``;\n    for (let i = 0; i < this.artists.length; i++) {\n      if (this.artists[i].getGroup() === groupName) {\n        success = this.artists[i].getGroup();\n      }\n    }\n    if (success === ``) {\n      success = `No existe el grupo a buscar`;\n    }\n    return success;\n  }\n  /**\n   * Gets the artist genre/s\n   * @param genre\n   * @return\n   */\n  public getGenre(genre: string): string {\n    let success: string = ``;\n    for (let i = 0; i < this.artists.length; i++) {\n      if (this.artists[i].getGenre(genre) === genre) {\n        success = this.artists[i].getGenre(genre);\n      }\n    }\n    if (success === ``) {\n      success = `No existe el genero a buscar`;\n    }\n    return success;\n  }\n  /**\n   * Gets the artists album\n   * @param albumName Album name\n   * @return Artist album\n   */\n  public getAlbum(albumName: string): string {\n    let success: string = ``;\n    for (let i = 0; i < this.artists.length; i++) {\n      if (this.artists[i].getAlbum(albumName) === albumName) {\n        success = this.artists[i].getAlbum(albumName);\n      }\n    }\n    if (success === ``) {\n      success = `No existe el álbum a buscar`;\n    }\n    return success;\n  }\n  /**\n   * Gets the artists published songs\n   * @param author Author name\n   * @return Artist published songs\n   */\n  public getPublishedSongs(author: string): number {\n    let success: number = 0;\n    for (let i = 0; i < this.artists.length; i++) {\n      if (this.artists[i].getName() === author) {\n        success = this.artists[i].getPublishedSongs();\n      }\n    }\n    if (success === 0) {\n      console.log('No existe el grupo a buscar');\n    }\n    return success;\n  }\n  /**\n   * Gets the artists monthly listeners\n   * @param author Author name\n   * @return Artist monthly listeners\n   */\n  public getMonthlyListeners(author: string): number {\n    let success: number = 0;\n    for (let i = 0; i < this.artists.length; i++) {\n      if (this.artists[i].getName() === author) {\n        success = this.artists[i].getMonthlyListeners();\n      }\n    }\n    if (success === 0) {\n      success = -1;\n    }\n    return success;\n  }\n  /**\n   * Remove an artist of the collection\n   * @param index Index of the element to be removed\n   * @return The artist array without the deleted element\n   */\n  private removeArtist(index: number): Artist[] {\n    this.artists.splice(index, 1);\n    return this.artists;\n  }\n  /**\n   * Gets the index of the element to be deleted\n   * @param artistName Name of the artist\n   * @return The index of the element that wants to be deleted\n   */\n  public getRemoveArtist(artistName: string): Artist[] {\n    let i = 0;\n    for (i = 0; i < this.artists.length; i++) {\n      if (this.artists[i].getName() === artistName) {\n        break;\n      }\n    }\n    return this.removeArtist(i);\n  }\n  /**\n   * The lenght of the artist array\n   * @returns The array lenght\n   */\n  public getArtistsCollectionLength(): number {\n    return this.artists.length;\n  }\n  /**\n   * The artist array\n   * @param iteration The index of the element\n   * @returns Artist object\n   */\n  public getArtistList(iteration: number): string {\n    return this.artists[iteration].getName();\n  }\n}\n"]},"_coverageSchema":"1a1c01bbd47fc00a2c39e90264f33305004495a9","hash":"3eeb1d0c1595fc35e1d95a709f1f28b12d73a910","contentHash":"4803a3d34b9c2da12f48c6a58553a9b49fba387f3f4b5328f4ee9cb32e16309e"},"/mnt/c/Users/uSer/Desktop/3º informatica/segundo cuatri/DSI/Digitalizando la colección de música de los abuelos/ull-esit-inf-dsi-21-22-prct07-music-datamodel-grupo_s/src/DefinitiveHierarchy/Collectionables/basicstreamablecollection.ts":{"path":"/mnt/c/Users/uSer/Desktop/3º informatica/segundo cuatri/DSI/Digitalizando la colección de música de los abuelos/ull-esit-inf-dsi-21-22-prct07-music-datamodel-grupo_s/src/DefinitiveHierarchy/Collectionables/basicstreamablecollection.ts","statementMap":{"0":{"start":{"line":2,"column":0},"end":{"line":2,"column":62}},"1":{"start":{"line":3,"column":0},"end":{"line":3,"column":43}},"2":{"start":{"line":13,"column":8},"end":{"line":13,"column":25}},"3":{"start":{"line":16,"column":0},"end":{"line":16,"column":62}}},"fnMap":{"0":{"name":"(anonymous_0)","decl":{"start":{"line":12,"column":4},"end":{"line":12,"column":5}},"loc":{"start":{"line":12,"column":22},"end":{"line":14,"column":5}},"line":12}},"branchMap":{},"s":{"0":1,"1":1,"2":4,"3":1},"f":{"0":4},"b":{},"inputSourceMap":{"version":3,"file":"/mnt/c/Users/uSer/Desktop/3º informatica/segundo cuatri/DSI/Digitalizando la colección de música de los abuelos/ull-esit-inf-dsi-21-22-prct07-music-datamodel-grupo_s/src/DefinitiveHierarchy/Collectionables/basicstreamablecollection.ts","sources":["/mnt/c/Users/uSer/Desktop/3º informatica/segundo cuatri/DSI/Digitalizando la colección de música de los abuelos/ull-esit-inf-dsi-21-22-prct07-music-datamodel-grupo_s/src/DefinitiveHierarchy/Collectionables/basicstreamablecollection.ts"],"names":[],"mappings":";;;AAGA;;GAEG;AACH,MAAsB,yBAAyB;IAC7C;;;OAGG;IACH,YAAsB,IAAS;QAAT,SAAI,GAAJ,IAAI,CAAK;IAC/B,CAAC;CAEF;AARD,8DAQC","sourcesContent":["/* eslint-disable linebreak-style */\nimport {Streamable} from './streamable';\n\n/**\n * Abstract class of the collections\n */\nexport abstract class BasicStreamableCollection<T> implements Streamable<T> {\n  /**\n   * Recieves the name of the object on the collection\n   * @param name Name of the object\n   */\n  constructor(protected name: T[]) {\n  }\n  abstract getName(name: string): string;\n}\n"]},"_coverageSchema":"1a1c01bbd47fc00a2c39e90264f33305004495a9","hash":"1b71e972227c50e09e0671eb1be78595fcf3e956","contentHash":"d3236d6b082b908f6ef479d00e231edc6bb3868447c087aa8198a577bef20dad"},"/mnt/c/Users/uSer/Desktop/3º informatica/segundo cuatri/DSI/Digitalizando la colección de música de los abuelos/ull-esit-inf-dsi-21-22-prct07-music-datamodel-grupo_s/src/DefinitiveHierarchy/PrincipalClases/musicGenre.ts":{"path":"/mnt/c/Users/uSer/Desktop/3º informatica/segundo cuatri/DSI/Digitalizando la colección de música de los abuelos/ull-esit-inf-dsi-21-22-prct07-music-datamodel-grupo_s/src/DefinitiveHierarchy/PrincipalClases/musicGenre.ts","statementMap":{"0":{"start":{"line":2,"column":0},"end":{"line":2,"column":62}},"1":{"start":{"line":3,"column":0},"end":{"line":3,"column":28}},"2":{"start":{"line":18,"column":8},"end":{"line":18,"column":25}},"3":{"start":{"line":19,"column":8},"end":{"line":19,"column":29}},"4":{"start":{"line":20,"column":8},"end":{"line":20,"column":31}},"5":{"start":{"line":21,"column":8},"end":{"line":21,"column":29}},"6":{"start":{"line":22,"column":8},"end":{"line":22,"column":27}},"7":{"start":{"line":29,"column":8},"end":{"line":29,"column":25}},"8":{"start":{"line":36,"column":21},"end":{"line":36,"column":35}},"9":{"start":{"line":37,"column":8},"end":{"line":41,"column":9}},"10":{"start":{"line":37,"column":21},"end":{"line":37,"column":22}},"11":{"start":{"line":38,"column":12},"end":{"line":40,"column":13}},"12":{"start":{"line":39,"column":16},"end":{"line":39,"column":40}},"13":{"start":{"line":42,"column":8},"end":{"line":42,"column":22}},"14":{"start":{"line":49,"column":21},"end":{"line":49,"column":36}},"15":{"start":{"line":50,"column":8},"end":{"line":54,"column":9}},"16":{"start":{"line":50,"column":21},"end":{"line":50,"column":22}},"17":{"start":{"line":51,"column":12},"end":{"line":53,"column":13}},"18":{"start":{"line":52,"column":16},"end":{"line":52,"column":41}},"19":{"start":{"line":55,"column":8},"end":{"line":55,"column":22}},"20":{"start":{"line":62,"column":21},"end":{"line":62,"column":23}},"21":{"start":{"line":63,"column":8},"end":{"line":67,"column":9}},"22":{"start":{"line":63,"column":21},"end":{"line":63,"column":22}},"23":{"start":{"line":64,"column":12},"end":{"line":66,"column":13}},"24":{"start":{"line":65,"column":16},"end":{"line":65,"column":40}},"25":{"start":{"line":68,"column":8},"end":{"line":68,"column":22}},"26":{"start":{"line":75,"column":21},"end":{"line":75,"column":23}},"27":{"start":{"line":76,"column":8},"end":{"line":80,"column":9}},"28":{"start":{"line":76,"column":21},"end":{"line":76,"column":22}},"29":{"start":{"line":77,"column":12},"end":{"line":79,"column":13}},"30":{"start":{"line":78,"column":16},"end":{"line":78,"column":39}},"31":{"start":{"line":81,"column":8},"end":{"line":81,"column":22}},"32":{"start":{"line":84,"column":0},"end":{"line":84,"column":32}}},"fnMap":{"0":{"name":"(anonymous_0)","decl":{"start":{"line":17,"column":4},"end":{"line":17,"column":5}},"loc":{"start":{"line":17,"column":54},"end":{"line":23,"column":5}},"line":17},"1":{"name":"(anonymous_1)","decl":{"start":{"line":28,"column":4},"end":{"line":28,"column":5}},"loc":{"start":{"line":28,"column":14},"end":{"line":30,"column":5}},"line":28},"2":{"name":"(anonymous_2)","decl":{"start":{"line":35,"column":4},"end":{"line":35,"column":5}},"loc":{"start":{"line":35,"column":25},"end":{"line":43,"column":5}},"line":35},"3":{"name":"(anonymous_3)","decl":{"start":{"line":48,"column":4},"end":{"line":48,"column":5}},"loc":{"start":{"line":48,"column":27},"end":{"line":56,"column":5}},"line":48},"4":{"name":"(anonymous_4)","decl":{"start":{"line":61,"column":4},"end":{"line":61,"column":5}},"loc":{"start":{"line":61,"column":25},"end":{"line":69,"column":5}},"line":61},"5":{"name":"(anonymous_5)","decl":{"start":{"line":74,"column":4},"end":{"line":74,"column":5}},"loc":{"start":{"line":74,"column":23},"end":{"line":82,"column":5}},"line":74}},"branchMap":{"0":{"loc":{"start":{"line":38,"column":12},"end":{"line":40,"column":13}},"type":"if","locations":[{"start":{"line":38,"column":12},"end":{"line":40,"column":13}},{"start":{"line":38,"column":12},"end":{"line":40,"column":13}}],"line":38},"1":{"loc":{"start":{"line":51,"column":12},"end":{"line":53,"column":13}},"type":"if","locations":[{"start":{"line":51,"column":12},"end":{"line":53,"column":13}},{"start":{"line":51,"column":12},"end":{"line":53,"column":13}}],"line":51},"2":{"loc":{"start":{"line":64,"column":12},"end":{"line":66,"column":13}},"type":"if","locations":[{"start":{"line":64,"column":12},"end":{"line":66,"column":13}},{"start":{"line":64,"column":12},"end":{"line":66,"column":13}}],"line":64},"3":{"loc":{"start":{"line":77,"column":12},"end":{"line":79,"column":13}},"type":"if","locations":[{"start":{"line":77,"column":12},"end":{"line":79,"column":13}},{"start":{"line":77,"column":12},"end":{"line":79,"column":13}}],"line":77}},"s":{"0":1,"1":1,"2":18,"3":18,"4":18,"5":18,"6":18,"7":15,"8":8,"9":8,"10":8,"11":7,"12":4,"13":8,"14":9,"15":9,"16":9,"17":9,"18":5,"19":9,"20":1,"21":1,"22":1,"23":1,"24":1,"25":1,"26":1,"27":1,"28":1,"29":1,"30":1,"31":1,"32":1},"f":{"0":18,"1":15,"2":8,"3":9,"4":1,"5":1},"b":{"0":[4,3],"1":[5,4],"2":[1,0],"3":[1,0]},"inputSourceMap":{"version":3,"file":"/mnt/c/Users/uSer/Desktop/3º informatica/segundo cuatri/DSI/Digitalizando la colección de música de los abuelos/ull-esit-inf-dsi-21-22-prct07-music-datamodel-grupo_s/src/DefinitiveHierarchy/PrincipalClases/musicGenre.ts","sources":["/mnt/c/Users/uSer/Desktop/3º informatica/segundo cuatri/DSI/Digitalizando la colección de música de los abuelos/ull-esit-inf-dsi-21-22-prct07-music-datamodel-grupo_s/src/DefinitiveHierarchy/PrincipalClases/musicGenre.ts"],"names":[],"mappings":";;;AAIA;;;GAGG;AACH,MAAa,UAAU;IACrB;;;;;;;OAOG;IACH,YAAoB,IAAY,EAAU,MAAe,EAAU,OAAiB,EAC1E,MAAgB,EAAU,KAAe;QAD/B,SAAI,GAAJ,IAAI,CAAQ;QAAU,WAAM,GAAN,MAAM,CAAS;QAAU,YAAO,GAAP,OAAO,CAAU;QAC1E,WAAM,GAAN,MAAM,CAAU;QAAU,UAAK,GAAL,KAAK,CAAU;IACnD,CAAC;IAED;;;OAGG;IACH,OAAO;QACL,OAAO,IAAI,CAAC,IAAI,CAAC;IACnB,CAAC;IAED;;;OAGG;IACH,SAAS,CAAC,SAAiB;QACzB,IAAI,MAAM,GAAU,IAAI,CAAC,MAAM,CAAC,CAAC,CAAC,CAAC;QACnC,KAAK,IAAI,CAAC,GAAG,CAAC,EAAE,CAAC,GAAG,IAAI,CAAC,MAAM,CAAC,MAAM,EAAE,CAAC,EAAE,EAAE;YAC3C,IAAI,SAAS,KAAK,IAAI,CAAC,MAAM,CAAC,CAAC,CAAC,CAAC,OAAO,EAAE,EAAE;gBAC1C,MAAM,GAAG,IAAI,CAAC,MAAM,CAAC,CAAC,CAAC,CAAC;aACzB;SACF;QACD,OAAO,MAAM,CAAC;IAChB,CAAC;IAED;;;OAGG;IACH,UAAU,CAAC,UAAkB;QAC3B,IAAI,MAAM,GAAW,IAAI,CAAC,OAAO,CAAC,CAAC,CAAC,CAAC;QACrC,KAAK,IAAI,CAAC,GAAG,CAAC,EAAE,CAAC,GAAG,IAAI,CAAC,OAAO,CAAC,MAAM,EAAE,CAAC,EAAE,EAAE;YAC5C,IAAI,UAAU,KAAK,IAAI,CAAC,OAAO,CAAC,CAAC,CAAC,CAAC,OAAO,EAAE,EAAE;gBAC5C,MAAM,GAAG,IAAI,CAAC,OAAO,CAAC,CAAC,CAAC,CAAC;aAC1B;SACF;QACD,OAAO,MAAM,CAAC;IAChB,CAAC;IAED;;;OAGG;IACH,SAAS,CAAC,SAAiB;QACzB,IAAI,MAAM,GAAW,EAAE,CAAC;QACxB,KAAK,IAAI,CAAC,GAAG,CAAC,EAAE,CAAC,GAAG,IAAI,CAAC,MAAM,CAAC,MAAM,EAAE,CAAC,EAAE,EAAE;YAC3C,IAAI,SAAS,KAAK,IAAI,CAAC,MAAM,CAAC,CAAC,CAAC,EAAE;gBAChC,MAAM,GAAG,IAAI,CAAC,MAAM,CAAC,CAAC,CAAC,CAAC;aACzB;SACF;QACD,OAAO,MAAM,CAAC;IAChB,CAAC;IAED;;;OAGG;IACH,QAAQ,CAAC,QAAgB;QACvB,IAAI,MAAM,GAAW,EAAE,CAAC;QACxB,KAAK,IAAI,CAAC,GAAG,CAAC,EAAE,CAAC,GAAG,IAAI,CAAC,KAAK,CAAC,MAAM,EAAE,CAAC,EAAE,EAAE;YAC1C,IAAI,QAAQ,KAAK,IAAI,CAAC,KAAK,CAAC,CAAC,CAAC,EAAE;gBAC9B,MAAM,GAAG,IAAI,CAAC,KAAK,CAAC,CAAC,CAAC,CAAC;aACxB;SACF;QACD,OAAO,MAAM,CAAC;IAChB,CAAC;CACF;AA5ED,gCA4EC","sourcesContent":["/* eslint-disable linebreak-style */\nimport {Group} from './groups';\nimport {Artist} from './artist';\n\n/**\n * This class represents the structure of the\n * music genre objects\n */\nexport class MusicGenre {\n  /**\n   * Creates an artist object\n   * @param name Genre Name\n   * @param groups Groups objects that belongs to a specific music genre\n   * @param artists Artist objects that belongs to the group\n   * @param albums Albums that belongs to a specific music genre\n   * @param songs Songs that belongs to a specific music genre\n   */\n  constructor(private name: string, private groups: Group[], private artists: Artist[],\n    private albums: string[], private songs: string[]) {\n  }\n\n  /**\n   * Gets music genre name\n   * @return Genre name\n   */\n  getName(): string {\n    return this.name;\n  }\n\n  /**\n   * Gets a group object\n   * @return Group object\n   */\n  getGroups(GroupName: string): Group {\n    let result: Group = this.groups[0];\n    for (let i = 0; i < this.groups.length; i++) {\n      if (GroupName === this.groups[i].getName()) {\n        result = this.groups[i];\n      }\n    }\n    return result;\n  }\n\n  /**\n   * Gets an artist object\n   * @return Artist object\n   */\n  getArtists(ArtistName: string): Artist {\n    let result: Artist = this.artists[0];\n    for (let i = 0; i < this.artists.length; i++) {\n      if (ArtistName === this.artists[i].getName()) {\n        result = this.artists[i];\n      }\n    }\n    return result;\n  }\n\n  /**\n   * Gets albums name\n   * @return Albums name\n   */\n  getAlbums(AlbumName: string): string {\n    let result: string = '';\n    for (let i = 0; i < this.albums.length; i++) {\n      if (AlbumName === this.albums[i]) {\n        result = this.albums[i];\n      }\n    }\n    return result;\n  }\n\n  /**\n   * Gets songs of an specific music genre\n   * @return Songs name\n   */\n  getSongs(SongName: string): string {\n    let result: string = '';\n    for (let i = 0; i < this.songs.length; i++) {\n      if (SongName === this.songs[i]) {\n        result = this.songs[i];\n      }\n    }\n    return result;\n  }\n}\n"]},"_coverageSchema":"1a1c01bbd47fc00a2c39e90264f33305004495a9","hash":"65d7496e0987ca011bf5d73e43640afe0fe9ef45","contentHash":"73180431b6fbe9c634735d59d5dbaa24448fcefba10f06913d323f66676593a4"},"/mnt/c/Users/uSer/Desktop/3º informatica/segundo cuatri/DSI/Digitalizando la colección de música de los abuelos/ull-esit-inf-dsi-21-22-prct07-music-datamodel-grupo_s/src/DefinitiveHierarchy/PrincipalClases/groups.ts":{"path":"/mnt/c/Users/uSer/Desktop/3º informatica/segundo cuatri/DSI/Digitalizando la colección de música de los abuelos/ull-esit-inf-dsi-21-22-prct07-music-datamodel-grupo_s/src/DefinitiveHierarchy/PrincipalClases/groups.ts","statementMap":{"0":{"start":{"line":2,"column":0},"end":{"line":2,"column":62}},"1":{"start":{"line":3,"column":0},"end":{"line":3,"column":23}},"2":{"start":{"line":18,"column":8},"end":{"line":18,"column":25}},"3":{"start":{"line":19,"column":8},"end":{"line":19,"column":31}},"4":{"start":{"line":20,"column":8},"end":{"line":20,"column":41}},"5":{"start":{"line":21,"column":8},"end":{"line":21,"column":27}},"6":{"start":{"line":22,"column":8},"end":{"line":22,"column":29}},"7":{"start":{"line":23,"column":8},"end":{"line":23,"column":47}},"8":{"start":{"line":30,"column":8},"end":{"line":30,"column":25}},"9":{"start":{"line":38,"column":8},"end":{"line":42,"column":9}},"10":{"start":{"line":38,"column":21},"end":{"line":38,"column":22}},"11":{"start":{"line":39,"column":12},"end":{"line":41,"column":13}},"12":{"start":{"line":40,"column":16},"end":{"line":40,"column":39}},"13":{"start":{"line":43,"column":8},"end":{"line":43,"column":31}},"14":{"start":{"line":50,"column":8},"end":{"line":50,"column":33}},"15":{"start":{"line":57,"column":8},"end":{"line":57,"column":26}},"16":{"start":{"line":64,"column":8},"end":{"line":64,"column":27}},"17":{"start":{"line":71,"column":8},"end":{"line":71,"column":36}},"18":{"start":{"line":74,"column":0},"end":{"line":74,"column":22}}},"fnMap":{"0":{"name":"(anonymous_0)","decl":{"start":{"line":17,"column":4},"end":{"line":17,"column":5}},"loc":{"start":{"line":17,"column":77},"end":{"line":24,"column":5}},"line":17},"1":{"name":"(anonymous_1)","decl":{"start":{"line":29,"column":4},"end":{"line":29,"column":5}},"loc":{"start":{"line":29,"column":14},"end":{"line":31,"column":5}},"line":29},"2":{"name":"(anonymous_2)","decl":{"start":{"line":36,"column":4},"end":{"line":36,"column":5}},"loc":{"start":{"line":36,"column":27},"end":{"line":44,"column":5}},"line":36},"3":{"name":"(anonymous_3)","decl":{"start":{"line":49,"column":4},"end":{"line":49,"column":5}},"loc":{"start":{"line":49,"column":22},"end":{"line":51,"column":5}},"line":49},"4":{"name":"(anonymous_4)","decl":{"start":{"line":56,"column":4},"end":{"line":56,"column":5}},"loc":{"start":{"line":56,"column":15},"end":{"line":58,"column":5}},"line":56},"5":{"name":"(anonymous_5)","decl":{"start":{"line":63,"column":4},"end":{"line":63,"column":5}},"loc":{"start":{"line":63,"column":16},"end":{"line":65,"column":5}},"line":63},"6":{"name":"(anonymous_6)","decl":{"start":{"line":70,"column":4},"end":{"line":70,"column":5}},"loc":{"start":{"line":70,"column":25},"end":{"line":72,"column":5}},"line":70}},"branchMap":{"0":{"loc":{"start":{"line":39,"column":12},"end":{"line":41,"column":13}},"type":"if","locations":[{"start":{"line":39,"column":12},"end":{"line":41,"column":13}},{"start":{"line":39,"column":12},"end":{"line":41,"column":13}}],"line":39}},"s":{"0":1,"1":1,"2":9,"3":9,"4":9,"5":9,"6":9,"7":9,"8":15,"9":1,"10":1,"11":1,"12":1,"13":0,"14":1,"15":1,"16":1,"17":1,"18":1},"f":{"0":9,"1":15,"2":1,"3":1,"4":1,"5":1,"6":1},"b":{"0":[1,0]},"inputSourceMap":{"version":3,"file":"/mnt/c/Users/uSer/Desktop/3º informatica/segundo cuatri/DSI/Digitalizando la colección de música de los abuelos/ull-esit-inf-dsi-21-22-prct07-music-datamodel-grupo_s/src/DefinitiveHierarchy/PrincipalClases/groups.ts","sources":["/mnt/c/Users/uSer/Desktop/3º informatica/segundo cuatri/DSI/Digitalizando la colección de música de los abuelos/ull-esit-inf-dsi-21-22-prct07-music-datamodel-grupo_s/src/DefinitiveHierarchy/PrincipalClases/groups.ts"],"names":[],"mappings":";;;AAEA;;;GAGG;AACH,MAAa,KAAK;IAChB;;;;;;;OAOG;IACH,YAAoB,IAAY,EAAU,OAAiB,EACjD,YAAoB,EAAU,KAAa,EAC3C,MAAc,EAAU,eAAuB;QAFrC,SAAI,GAAJ,IAAI,CAAQ;QAAU,YAAO,GAAP,OAAO,CAAU;QACjD,iBAAY,GAAZ,YAAY,CAAQ;QAAU,UAAK,GAAL,KAAK,CAAQ;QAC3C,WAAM,GAAN,MAAM,CAAQ;QAAU,oBAAe,GAAf,eAAe,CAAQ;IACzD,CAAC;IAED;;;OAGG;IACH,OAAO;QACL,OAAO,IAAI,CAAC,IAAI,CAAC;IACnB,CAAC;IACD;;;OAGG;IACH,UAAU,CAAC,UAAkB;QAC3B,uBAAuB;QACvB,KAAK,IAAI,CAAC,GAAG,CAAC,EAAE,CAAC,GAAG,IAAI,CAAC,OAAO,CAAC,MAAM,EAAE,CAAC,EAAE,EAAE;YAC5C,IAAI,UAAU,KAAK,IAAI,CAAC,OAAO,CAAC,CAAC,CAAC,CAAC,OAAO,EAAE,EAAE;gBAC5C,OAAO,IAAI,CAAC,OAAO,CAAC,CAAC,CAAC,CAAC;aACxB;SACF;QACD,OAAO,IAAI,CAAC,OAAO,CAAC,CAAC,CAAC,CAAC,CAAC,iBAAiB;IAC3C,CAAC;IACD;;;OAGG;IACH,eAAe;QACb,OAAO,IAAI,CAAC,YAAY,CAAC;IAC3B,CAAC;IAED;;;OAGG;IACH,QAAQ;QACN,OAAO,IAAI,CAAC,KAAK,CAAC;IACpB,CAAC;IAED;;;OAGG;IACH,SAAS;QACP,OAAO,IAAI,CAAC,MAAM,CAAC;IACrB,CAAC;IACD;;;OAGG;IACH,kBAAkB;QAChB,OAAO,IAAI,CAAC,eAAe,CAAC;IAC9B,CAAC;CACF;AAhED,sBAgEC","sourcesContent":["/* eslint-disable linebreak-style */\nimport {Artist} from './artist';\n/**\n * This is the class that represents\n * the structure of the Group objects\n */\nexport class Group {\n  /**\n   * Creates an artist object\n   * @param name Group name\n   * @param artists Artist objects that belongs to the group\n   * @param genre Music genre of the group\n   * @param albums Albums name of the group\n   * @param monthlyListener Monthly Listeners of the group\n   */\n  constructor(private name: string, private artists: Artist[],\n    private yearCreation: number, private genre: string,\n    private albums: string, private monthlyListener: number) {\n  }\n\n  /**\n   * Gets the name of the group\n   * @return Group name\n   */\n  getName(): string {\n    return this.name;\n  }\n  /**\n   * Gets artist objects that belongs to the group\n   * @return Artist object\n   */\n  getArtists(artistName: string): Artist {\n    // return this.artists;\n    for (let i = 0; i < this.artists.length; i++) {\n      if (artistName === this.artists[i].getName()) {\n        return this.artists[i];\n      }\n    }\n    return this.artists[0]; // Default Option\n  }\n  /**\n   * Gets the year Creation of the group\n   * @return Year creation\n   */\n  getYearCreation(): number {\n    return this.yearCreation;\n  }\n\n  /**\n   * Gets the genre of the group\n   * @return Genre name\n   */\n  getGenre(): string {\n    return this.genre;\n  }\n\n  /**\n   * Gets the albums of the group\n   * @return Albums name\n   */\n  getAlbums(): string {\n    return this.albums;\n  }\n  /**\n   * Gets the number of monthly listeners\n   * @return Monthly Listeners of the artist\n   */\n  getMonthlyListener(): number {\n    return this.monthlyListener;\n  }\n}\n"]},"_coverageSchema":"1a1c01bbd47fc00a2c39e90264f33305004495a9","hash":"844499146252d904cf4f5d99eb9f61807b676c43","contentHash":"eadeb389edd6fb9659d437c84c1e836c82c8a953f736f361cdc5d0d3b59314ba"},"/mnt/c/Users/uSer/Desktop/3º informatica/segundo cuatri/DSI/Digitalizando la colección de música de los abuelos/ull-esit-inf-dsi-21-22-prct07-music-datamodel-grupo_s/src/DefinitiveHierarchy/Collectionables/genreCollection.ts":{"path":"/mnt/c/Users/uSer/Desktop/3º informatica/segundo cuatri/DSI/Digitalizando la colección de música de los abuelos/ull-esit-inf-dsi-21-22-prct07-music-datamodel-grupo_s/src/DefinitiveHierarchy/Collectionables/genreCollection.ts","statementMap":{"0":{"start":{"line":2,"column":0},"end":{"line":2,"column":62}},"1":{"start":{"line":3,"column":0},"end":{"line":3,"column":33}},"2":{"start":{"line":5,"column":36},"end":{"line":5,"column":74}},"3":{"start":{"line":15,"column":8},"end":{"line":15,"column":22}},"4":{"start":{"line":16,"column":8},"end":{"line":16,"column":29}},"5":{"start":{"line":23,"column":8},"end":{"line":23,"column":32}},"6":{"start":{"line":30,"column":8},"end":{"line":34,"column":9}},"7":{"start":{"line":30,"column":21},"end":{"line":30,"column":22}},"8":{"start":{"line":31,"column":12},"end":{"line":33,"column":13}},"9":{"start":{"line":32,"column":16},"end":{"line":32,"column":38}},"10":{"start":{"line":35,"column":8},"end":{"line":35,"column":37}},"11":{"start":{"line":43,"column":8},"end":{"line":47,"column":9}},"12":{"start":{"line":43,"column":21},"end":{"line":43,"column":22}},"13":{"start":{"line":44,"column":12},"end":{"line":46,"column":13}},"14":{"start":{"line":45,"column":16},"end":{"line":45,"column":71}},"15":{"start":{"line":48,"column":8},"end":{"line":48,"column":56}},"16":{"start":{"line":56,"column":8},"end":{"line":60,"column":9}},"17":{"start":{"line":56,"column":21},"end":{"line":56,"column":22}},"18":{"start":{"line":57,"column":12},"end":{"line":59,"column":13}},"19":{"start":{"line":58,"column":16},"end":{"line":58,"column":69}},"20":{"start":{"line":61,"column":8},"end":{"line":61,"column":54}},"21":{"start":{"line":69,"column":22},"end":{"line":69,"column":24}},"22":{"start":{"line":70,"column":8},"end":{"line":74,"column":9}},"23":{"start":{"line":70,"column":21},"end":{"line":70,"column":22}},"24":{"start":{"line":71,"column":12},"end":{"line":73,"column":13}},"25":{"start":{"line":72,"column":16},"end":{"line":72,"column":51}},"26":{"start":{"line":75,"column":8},"end":{"line":77,"column":9}},"27":{"start":{"line":76,"column":12},"end":{"line":76,"column":61}},"28":{"start":{"line":78,"column":8},"end":{"line":78,"column":23}},"29":{"start":{"line":86,"column":8},"end":{"line":86,"column":37}},"30":{"start":{"line":87,"column":8},"end":{"line":87,"column":27}},"31":{"start":{"line":95,"column":16},"end":{"line":95,"column":17}},"32":{"start":{"line":96,"column":8},"end":{"line":100,"column":9}},"33":{"start":{"line":97,"column":12},"end":{"line":99,"column":13}},"34":{"start":{"line":98,"column":16},"end":{"line":98,"column":22}},"35":{"start":{"line":101,"column":8},"end":{"line":101,"column":36}},"36":{"start":{"line":108,"column":8},"end":{"line":108,"column":34}},"37":{"start":{"line":116,"column":8},"end":{"line":116,"column":37}},"38":{"start":{"line":119,"column":0},"end":{"line":119,"column":42}}},"fnMap":{"0":{"name":"(anonymous_0)","decl":{"start":{"line":14,"column":4},"end":{"line":14,"column":5}},"loc":{"start":{"line":14,"column":24},"end":{"line":17,"column":5}},"line":14},"1":{"name":"(anonymous_1)","decl":{"start":{"line":22,"column":4},"end":{"line":22,"column":5}},"loc":{"start":{"line":22,"column":20},"end":{"line":24,"column":5}},"line":22},"2":{"name":"(anonymous_2)","decl":{"start":{"line":29,"column":4},"end":{"line":29,"column":5}},"loc":{"start":{"line":29,"column":24},"end":{"line":36,"column":5}},"line":29},"3":{"name":"(anonymous_3)","decl":{"start":{"line":42,"column":4},"end":{"line":42,"column":5}},"loc":{"start":{"line":42,"column":26},"end":{"line":49,"column":5}},"line":42},"4":{"name":"(anonymous_4)","decl":{"start":{"line":55,"column":4},"end":{"line":55,"column":5}},"loc":{"start":{"line":55,"column":25},"end":{"line":62,"column":5}},"line":55},"5":{"name":"(anonymous_5)","decl":{"start":{"line":68,"column":4},"end":{"line":68,"column":5}},"loc":{"start":{"line":68,"column":23},"end":{"line":79,"column":5}},"line":68},"6":{"name":"(anonymous_6)","decl":{"start":{"line":85,"column":4},"end":{"line":85,"column":5}},"loc":{"start":{"line":85,"column":24},"end":{"line":88,"column":5}},"line":85},"7":{"name":"(anonymous_7)","decl":{"start":{"line":94,"column":4},"end":{"line":94,"column":5}},"loc":{"start":{"line":94,"column":30},"end":{"line":102,"column":5}},"line":94},"8":{"name":"(anonymous_8)","decl":{"start":{"line":107,"column":4},"end":{"line":107,"column":5}},"loc":{"start":{"line":107,"column":25},"end":{"line":109,"column":5}},"line":107},"9":{"name":"(anonymous_9)","decl":{"start":{"line":115,"column":4},"end":{"line":115,"column":5}},"loc":{"start":{"line":115,"column":25},"end":{"line":117,"column":5}},"line":115}},"branchMap":{"0":{"loc":{"start":{"line":31,"column":12},"end":{"line":33,"column":13}},"type":"if","locations":[{"start":{"line":31,"column":12},"end":{"line":33,"column":13}},{"start":{"line":31,"column":12},"end":{"line":33,"column":13}}],"line":31},"1":{"loc":{"start":{"line":44,"column":12},"end":{"line":46,"column":13}},"type":"if","locations":[{"start":{"line":44,"column":12},"end":{"line":46,"column":13}},{"start":{"line":44,"column":12},"end":{"line":46,"column":13}}],"line":44},"2":{"loc":{"start":{"line":57,"column":12},"end":{"line":59,"column":13}},"type":"if","locations":[{"start":{"line":57,"column":12},"end":{"line":59,"column":13}},{"start":{"line":57,"column":12},"end":{"line":59,"column":13}}],"line":57},"3":{"loc":{"start":{"line":71,"column":12},"end":{"line":73,"column":13}},"type":"if","locations":[{"start":{"line":71,"column":12},"end":{"line":73,"column":13}},{"start":{"line":71,"column":12},"end":{"line":73,"column":13}}],"line":71},"4":{"loc":{"start":{"line":75,"column":8},"end":{"line":77,"column":9}},"type":"if","locations":[{"start":{"line":75,"column":8},"end":{"line":77,"column":9}},{"start":{"line":75,"column":8},"end":{"line":77,"column":9}}],"line":75},"5":{"loc":{"start":{"line":97,"column":12},"end":{"line":99,"column":13}},"type":"if","locations":[{"start":{"line":97,"column":12},"end":{"line":99,"column":13}},{"start":{"line":97,"column":12},"end":{"line":99,"column":13}}],"line":97}},"s":{"0":1,"1":1,"2":1,"3":1,"4":1,"5":1,"6":2,"7":2,"8":3,"9":1,"10":1,"11":3,"12":3,"13":6,"14":2,"15":1,"16":3,"17":3,"18":5,"19":2,"20":1,"21":2,"22":2,"23":2,"24":4,"25":1,"26":2,"27":1,"28":2,"29":0,"30":0,"31":0,"32":0,"33":0,"34":0,"35":0,"36":1,"37":1,"38":1},"f":{"0":1,"1":1,"2":2,"3":3,"4":3,"5":2,"6":0,"7":0,"8":1,"9":1},"b":{"0":[1,2],"1":[2,4],"2":[2,3],"3":[1,3],"4":[1,1],"5":[0,0]},"inputSourceMap":{"version":3,"file":"/mnt/c/Users/uSer/Desktop/3º informatica/segundo cuatri/DSI/Digitalizando la colección de música de los abuelos/ull-esit-inf-dsi-21-22-prct07-music-datamodel-grupo_s/src/DefinitiveHierarchy/Collectionables/genreCollection.ts","sources":["/mnt/c/Users/uSer/Desktop/3º informatica/segundo cuatri/DSI/Digitalizando la colección de música de los abuelos/ull-esit-inf-dsi-21-22-prct07-music-datamodel-grupo_s/src/DefinitiveHierarchy/Collectionables/genreCollection.ts"],"names":[],"mappings":";;;AAAA,oCAAoC;AACpC,2EAAsE;AAKtE;;GAEG;AACH,MAAa,eAAgB,SAAQ,qDAAqC;IACxE;;;OAGG;IACH,YAAsB,MAAoB;QACxC,KAAK,CAAC,MAAM,CAAC,CAAC;QADM,WAAM,GAAN,MAAM,CAAc;IAE1C,CAAC;IACD;;;OAGG;IACI,QAAQ,CAAC,KAAiB;QAC/B,IAAI,CAAC,MAAM,CAAC,IAAI,CAAC,KAAK,CAAC,CAAC;IAC1B,CAAC;IACD;;;OAGG;IACI,QAAQ,CAAC,SAAiB;QAC/B,KAAK,IAAI,CAAC,GAAG,CAAC,EAAE,CAAC,GAAG,IAAI,CAAC,MAAM,CAAC,MAAM,EAAE,CAAC,EAAE,EAAE;YAC3C,IAAI,IAAI,CAAC,MAAM,CAAC,CAAC,CAAC,CAAC,OAAO,EAAE,KAAK,SAAS,EAAE;gBAC1C,OAAO,IAAI,CAAC,MAAM,CAAC,CAAC,CAAC,CAAC;aACvB;SACF;QACD,OAAO,qBAAqB,CAAC;IAC/B,CAAC;IACD;;;;OAIG;IACI,SAAS,CAAC,UAAkB;QACjC,KAAK,IAAI,CAAC,GAAG,CAAC,EAAE,CAAC,GAAG,IAAI,CAAC,MAAM,CAAC,MAAM,EAAE,CAAC,EAAE,EAAE;YAC3C,IAAI,IAAI,CAAC,MAAM,CAAC,CAAC,CAAC,CAAC,UAAU,CAAC,UAAU,CAAC,OAAO,EAAE,CAAC,KAAK,UAAU,EAAE;gBAClE,OAAO,IAAI,CAAC,MAAM,CAAC,CAAC,CAAC,CAAC,UAAU,CAAC,UAAU,CAAC,OAAO,EAAE,CAAC,CAAC;aACxD;SACF;QACD,OAAO,wCAAwC,CAAC;IAClD,CAAC;IACD;;;;OAIG;IACI,SAAS,CAAC,SAAgB;QAC/B,KAAK,IAAI,CAAC,GAAG,CAAC,EAAE,CAAC,GAAG,IAAI,CAAC,MAAM,CAAC,MAAM,EAAE,CAAC,EAAE,EAAE;YAC3C,IAAI,IAAI,CAAC,MAAM,CAAC,CAAC,CAAC,CAAC,SAAS,CAAC,SAAS,CAAC,OAAO,EAAE,CAAC,KAAK,SAAS,EAAE;gBAC/D,OAAO,IAAI,CAAC,MAAM,CAAC,CAAC,CAAC,CAAC,SAAS,CAAC,SAAS,CAAC,OAAO,EAAE,CAAC,CAAC;aACtD;SACF;QACD,OAAO,sCAAsC,CAAC;IAChD,CAAC;IACD;;;;OAIG;IACI,OAAO,CAAC,SAAiB;QAC9B,IAAI,OAAO,GAAW,EAAE,CAAC;QACzB,KAAK,IAAI,CAAC,GAAG,CAAC,EAAE,CAAC,GAAG,IAAI,CAAC,MAAM,CAAC,MAAM,EAAE,CAAC,EAAE,EAAE;YAC3C,IAAI,IAAI,CAAC,MAAM,CAAC,CAAC,CAAC,CAAC,OAAO,EAAE,KAAK,SAAS,EAAE;gBAC1C,OAAO,GAAG,IAAI,CAAC,MAAM,CAAC,CAAC,CAAC,CAAC,OAAO,EAAE,CAAC;aACpC;SACF;QACD,IAAI,OAAO,KAAK,EAAE,EAAE;YAClB,OAAO,GAAG,sCAAsC,CAAC;SAClD;QACD,OAAO,OAAO,CAAC;IACjB,CAAC;IACD;;;;OAIG;IACK,YAAY,CAAC,KAAa;QAChC,IAAI,CAAC,MAAM,CAAC,MAAM,CAAC,KAAK,EAAE,CAAC,CAAC,CAAC;QAC7B,OAAO,IAAI,CAAC,MAAM,CAAC;IACrB,CAAC;IACD;;;;OAIG;IACI,cAAc,CAAC,SAAiB;QACrC,IAAI,CAAC,GAAG,CAAC,CAAC;QACV,KAAK,CAAC,GAAG,CAAC,EAAE,CAAC,GAAG,IAAI,CAAC,MAAM,CAAC,MAAM,EAAE,CAAC,EAAE,EAAE;YACvC,IAAI,IAAI,CAAC,MAAM,CAAC,CAAC,CAAC,CAAC,OAAO,EAAE,KAAK,SAAS,EAAE;gBAC1C,MAAM;aACP;SACF;QACD,OAAO,IAAI,CAAC,YAAY,CAAC,CAAC,CAAC,CAAC;IAC9B,CAAC;IACD;;;OAGG;IACI,kBAAkB;QACvB,OAAO,IAAI,CAAC,MAAM,CAAC,MAAM,CAAC;IAC5B,CAAC;IACD;;;;OAIG;IACI,UAAU,CAAC,QAAgB;QAChC,OAAO,IAAI,CAAC,MAAM,CAAC,QAAQ,CAAC,CAAC;IAC/B,CAAC;CACF;AA5GD,0CA4GC","sourcesContent":["/* eslint-disable linebreak-style */\nimport {BasicStreamableCollection} from './basicstreamablecollection';\nimport {MusicGenre} from '../PrincipalClases/musicGenre';\nimport {Group} from '../PrincipalClases/groups';\nimport {Artist} from '../PrincipalClases/artist';\n\n/**\n * Collection of music genres\n */\nexport class GenreCollection extends BasicStreamableCollection<MusicGenre> {\n  /**\n   * Recieves a genre array\n   * @param genres Genre array\n   */\n  constructor(protected genres: MusicGenre[]) {\n    super(genres);\n  }\n  /**\n   * Adds a genre object to the collection\n   * @param genre Music genre\n   */\n  public addGenre(genre: MusicGenre) {\n    this.genres.push(genre);\n  }\n  /**\n   * Gets a genre object of the collection\n   * @param genreName Music genre\n   */\n  public getGenre(genreName: string): MusicGenre | string {\n    for (let i = 0; i < this.genres.length; i++) {\n      if (this.genres[i].getName() === genreName) {\n        return this.genres[i];\n      }\n    }\n    return 'No existe el género';\n  }\n  /**\n   * Gets the genre of an artist\n   * @param authorName Artist object\n   * @returns The artists of a music genre\n   */\n  public getArtist(authorName: Artist): Artist | string {\n    for (let i = 0; i < this.genres.length; i++) {\n      if (this.genres[i].getArtists(authorName.getName()) === authorName) {\n        return this.genres[i].getArtists(authorName.getName());\n      }\n    }\n    return 'No existe el Artista que desea obtener';\n  }\n  /**\n   * Gets the genre of the group\n   * @param groupName Group name\n   * @return Gropu genre/s\n   */\n  public getGroups(groupName: Group): Group | string {\n    for (let i = 0; i < this.genres.length; i++) {\n      if (this.genres[i].getGroups(groupName.getName()) === groupName) {\n        return this.genres[i].getGroups(groupName.getName());\n      }\n    }\n    return 'No existe el Grupo que desea obtener';\n  }\n  /**\n   * Gets the genre name\n   * @param genreName Genre name\n   * @return Genre name\n   */\n  public getName(genreName: string): string {\n    let success: string = ``;\n    for (let i = 0; i < this.genres.length; i++) {\n      if (this.genres[i].getName() === genreName) {\n        success = this.genres[i].getName();\n      }\n    }\n    if (success === ``) {\n      success = `No existe el género que desea buscar`;\n    }\n    return success;\n  }\n  /**\n   * Remove a genre of the collection\n   * @param index Index of the element to be removed\n   * @return The artist array without the deleted element\n   */\n  private removeArtist(index: number): MusicGenre[] {\n    this.genres.splice(index, 1);\n    return this.genres;\n  }\n  /**\n   * Gets the index of the element to be deleted\n   * @param genreName Name of the genre\n   * @return The index of the element that wants to be deleted\n   */\n  public getRemoveIndex(genreName: string): MusicGenre[] {\n    let i = 0;\n    for (i = 0; i < this.genres.length; i++) {\n      if (this.genres[i].getName() === genreName) {\n        break;\n      }\n    }\n    return this.removeArtist(i);\n  }\n  /**\n   * The lenght of the genre array\n   * @returns The array lenght\n   */\n  public getColectionlength(): number {\n    return this.genres.length;\n  }\n  /**\n   * Obtain the object of the n postion of the array\n   * @param position The index of the element\n   * @returns Genre object\n   */\n  public getnObject(position: number): MusicGenre {\n    return this.genres[position];\n  }\n}\n"]},"_coverageSchema":"1a1c01bbd47fc00a2c39e90264f33305004495a9","hash":"8724cd7d798558fe81a968499a92f8dc8d6ec7a6","contentHash":"739d37fda4b46627f39a8198b52d1e20bcb217be50184b3e67ef1972307be8c7"},"/mnt/c/Users/uSer/Desktop/3º informatica/segundo cuatri/DSI/Digitalizando la colección de música de los abuelos/ull-esit-inf-dsi-21-22-prct07-music-datamodel-grupo_s/src/DefinitiveHierarchy/PrincipalClases/song.ts":{"path":"/mnt/c/Users/uSer/Desktop/3º informatica/segundo cuatri/DSI/Digitalizando la colección de música de los abuelos/ull-esit-inf-dsi-21-22-prct07-music-datamodel-grupo_s/src/DefinitiveHierarchy/PrincipalClases/song.ts","statementMap":{"0":{"start":{"line":2,"column":0},"end":{"line":2,"column":62}},"1":{"start":{"line":3,"column":0},"end":{"line":3,"column":22}},"2":{"start":{"line":19,"column":8},"end":{"line":19,"column":25}},"3":{"start":{"line":20,"column":8},"end":{"line":20,"column":29}},"4":{"start":{"line":21,"column":8},"end":{"line":21,"column":41}},"5":{"start":{"line":22,"column":8},"end":{"line":22,"column":27}},"6":{"start":{"line":23,"column":8},"end":{"line":23,"column":29}},"7":{"start":{"line":24,"column":8},"end":{"line":24,"column":55}},"8":{"start":{"line":31,"column":8},"end":{"line":31,"column":25}},"9":{"start":{"line":38,"column":21},"end":{"line":38,"column":35}},"10":{"start":{"line":39,"column":8},"end":{"line":43,"column":9}},"11":{"start":{"line":39,"column":21},"end":{"line":39,"column":22}},"12":{"start":{"line":40,"column":12},"end":{"line":42,"column":13}},"13":{"start":{"line":41,"column":16},"end":{"line":41,"column":40}},"14":{"start":{"line":44,"column":8},"end":{"line":44,"column":22}},"15":{"start":{"line":51,"column":8},"end":{"line":51,"column":33}},"16":{"start":{"line":58,"column":23},"end":{"line":58,"column":56}},"17":{"start":{"line":59,"column":32},"end":{"line":59,"column":56}},"18":{"start":{"line":60,"column":23},"end":{"line":60,"column":60}},"19":{"start":{"line":61,"column":8},"end":{"line":61,"column":22}},"20":{"start":{"line":68,"column":21},"end":{"line":68,"column":34}},"21":{"start":{"line":69,"column":8},"end":{"line":73,"column":9}},"22":{"start":{"line":69,"column":21},"end":{"line":69,"column":22}},"23":{"start":{"line":70,"column":12},"end":{"line":72,"column":13}},"24":{"start":{"line":71,"column":16},"end":{"line":71,"column":39}},"25":{"start":{"line":74,"column":8},"end":{"line":74,"column":22}},"26":{"start":{"line":81,"column":8},"end":{"line":81,"column":27}},"27":{"start":{"line":88,"column":8},"end":{"line":88,"column":40}},"28":{"start":{"line":91,"column":0},"end":{"line":91,"column":20}}},"fnMap":{"0":{"name":"(anonymous_0)","decl":{"start":{"line":18,"column":4},"end":{"line":18,"column":5}},"loc":{"start":{"line":18,"column":80},"end":{"line":25,"column":5}},"line":18},"1":{"name":"(anonymous_1)","decl":{"start":{"line":30,"column":4},"end":{"line":30,"column":5}},"loc":{"start":{"line":30,"column":14},"end":{"line":32,"column":5}},"line":30},"2":{"name":"(anonymous_2)","decl":{"start":{"line":37,"column":4},"end":{"line":37,"column":5}},"loc":{"start":{"line":37,"column":26},"end":{"line":45,"column":5}},"line":37},"3":{"name":"(anonymous_3)","decl":{"start":{"line":50,"column":4},"end":{"line":50,"column":5}},"loc":{"start":{"line":50,"column":22},"end":{"line":52,"column":5}},"line":50},"4":{"name":"(anonymous_4)","decl":{"start":{"line":57,"column":4},"end":{"line":57,"column":5}},"loc":{"start":{"line":57,"column":21},"end":{"line":62,"column":5}},"line":57},"5":{"name":"(anonymous_5)","decl":{"start":{"line":67,"column":4},"end":{"line":67,"column":5}},"loc":{"start":{"line":67,"column":24},"end":{"line":75,"column":5}},"line":67},"6":{"name":"(anonymous_6)","decl":{"start":{"line":80,"column":4},"end":{"line":80,"column":5}},"loc":{"start":{"line":80,"column":16},"end":{"line":82,"column":5}},"line":80},"7":{"name":"(anonymous_7)","decl":{"start":{"line":87,"column":4},"end":{"line":87,"column":5}},"loc":{"start":{"line":87,"column":29},"end":{"line":89,"column":5}},"line":87}},"branchMap":{"0":{"loc":{"start":{"line":40,"column":12},"end":{"line":42,"column":13}},"type":"if","locations":[{"start":{"line":40,"column":12},"end":{"line":42,"column":13}},{"start":{"line":40,"column":12},"end":{"line":42,"column":13}}],"line":40},"1":{"loc":{"start":{"line":70,"column":12},"end":{"line":72,"column":13}},"type":"if","locations":[{"start":{"line":70,"column":12},"end":{"line":72,"column":13}},{"start":{"line":70,"column":12},"end":{"line":72,"column":13}}],"line":70}},"s":{"0":1,"1":1,"2":41,"3":41,"4":41,"5":41,"6":41,"7":41,"8":46,"9":8,"10":8,"11":8,"12":8,"13":3,"14":8,"15":15,"16":14,"17":14,"18":14,"19":14,"20":1,"21":1,"22":1,"23":1,"24":1,"25":1,"26":1,"27":7,"28":1},"f":{"0":41,"1":46,"2":8,"3":15,"4":14,"5":1,"6":1,"7":7},"b":{"0":[3,5],"1":[1,0]},"inputSourceMap":{"version":3,"file":"/mnt/c/Users/uSer/Desktop/3º informatica/segundo cuatri/DSI/Digitalizando la colección de música de los abuelos/ull-esit-inf-dsi-21-22-prct07-music-datamodel-grupo_s/src/DefinitiveHierarchy/PrincipalClases/song.ts","sources":["/mnt/c/Users/uSer/Desktop/3º informatica/segundo cuatri/DSI/Digitalizando la colección de música de los abuelos/ull-esit-inf-dsi-21-22-prct07-music-datamodel-grupo_s/src/DefinitiveHierarchy/PrincipalClases/song.ts"],"names":[],"mappings":";;;AAGA;;;GAGG;AACH,MAAa,IAAI;IACf;;;;;;;;OAQG;IACH,YAAoB,IAAY,EAAU,MAAgB,EAAU,YAAoB,EAChF,KAAmB,EAAU,MAAe,EAAU,mBAA2B;QADrE,SAAI,GAAJ,IAAI,CAAQ;QAAU,WAAM,GAAN,MAAM,CAAU;QAAU,iBAAY,GAAZ,YAAY,CAAQ;QAChF,UAAK,GAAL,KAAK,CAAc;QAAU,WAAM,GAAN,MAAM,CAAS;QAAU,wBAAmB,GAAnB,mBAAmB,CAAQ;IAAG,CAAC;IAE7F;;;OAGG;IACH,OAAO;QACL,OAAO,IAAI,CAAC,IAAI,CAAC;IACnB,CAAC;IAED;;;OAGG;IACH,SAAS,CAAC,UAAkB;QAC1B,IAAI,MAAM,GAAW,IAAI,CAAC,MAAM,CAAC,CAAC,CAAC,CAAC;QACpC,KAAK,IAAI,CAAC,GAAG,CAAC,EAAE,CAAC,GAAG,IAAI,CAAC,MAAM,CAAC,MAAM,EAAE,CAAC,EAAE,EAAE;YAC3C,IAAI,UAAU,KAAK,IAAI,CAAC,MAAM,CAAC,CAAC,CAAC,CAAC,OAAO,EAAE,EAAE;gBAC3C,MAAM,GAAG,IAAI,CAAC,MAAM,CAAC,CAAC,CAAC,CAAC;aACzB;SACF;QACD,OAAO,MAAM,CAAC;IAChB,CAAC;IAED;;;OAGG;IACH,eAAe;QACb,OAAO,IAAI,CAAC,YAAY,CAAC;IAC3B,CAAC;IAED;;;OAGG;IACH,cAAc;QACZ,MAAM,MAAM,GAAa,IAAI,CAAC,eAAe,EAAE,CAAC,KAAK,CAAC,GAAG,CAAC,CAAC;QAC3D,MAAM,eAAe,GAAW,QAAQ,CAAC,MAAM,CAAC,CAAC,CAAC,CAAC,GAAG,EAAE,CAAC;QACzD,MAAM,MAAM,GAAW,eAAe,GAAG,QAAQ,CAAC,MAAM,CAAC,CAAC,CAAC,CAAC,CAAC;QAE7D,OAAO,MAAM,CAAC;IAChB,CAAC;IAED;;;OAGG;IACH,QAAQ,CAAC,SAAiB;QACxB,IAAI,MAAM,GAAe,IAAI,CAAC,KAAK,CAAC,CAAC,CAAC,CAAC;QACvC,KAAK,IAAI,CAAC,GAAG,CAAC,EAAE,CAAC,GAAG,IAAI,CAAC,KAAK,CAAC,MAAM,EAAE,CAAC,EAAE,EAAE;YAC1C,IAAI,SAAS,KAAK,IAAI,CAAC,KAAK,CAAC,CAAC,CAAC,CAAC,OAAO,EAAE,EAAE;gBACzC,MAAM,GAAG,IAAI,CAAC,KAAK,CAAC,CAAC,CAAC,CAAC;aACxB;SACF;QACD,OAAO,MAAM,CAAC;IAChB,CAAC;IAED;;;OAGG;IACH,SAAS;QACP,OAAO,IAAI,CAAC,MAAM,CAAC;IACrB,CAAC;IAED;;;OAGG;IACH,sBAAsB;QACpB,OAAO,IAAI,CAAC,mBAAmB,CAAC;IAClC,CAAC;CACF;AApFD,oBAoFC","sourcesContent":["/* eslint-disable linebreak-style */\nimport {Artist} from './artist';\nimport {MusicGenre} from './musicGenre';\n/**\n * This class represents the structure of the\n * song objects\n */\nexport class Song {\n  /**\n   * Creates an artist object\n   * @param name Song name\n   * @param author Artist objects that participates on the song\n   * @param songDuration Song duration in minutes and seconds\n   * @param genre Genre Song\n   * @param single If song is a single or not\n   * @param reproductionsNumber Number of repoductions of the song\n   */\n  constructor(private name: string, private author: Artist[], private songDuration: string,\n  private genre: MusicGenre[], private single: boolean, private reproductionsNumber: number) {}\n\n  /**\n   * Gets the name of the song\n   * @return Song name\n   */\n  getName(): string {\n    return this.name;\n  }\n\n  /**\n   * Gets artist objects that participates on the song\n   * @return Artist object\n   */\n  getAuthor(authorName: string): Artist {\n    let result: Artist = this.author[0];\n    for (let i = 0; i < this.author.length; i++) {\n      if (authorName === this.author[i].getName()) {\n        result = this.author[i];\n      }\n    }\n    return result;\n  }\n\n  /**\n   * Gets song duration on string format\n   * @return Song duration\n   */\n  getSongDuration(): string {\n    return this.songDuration;\n  }\n\n  /**\n   * Change duration song format to seconds\n   * @return New duration format\n   */\n  durationFormat(): number {\n    const prueba: string[] = this.getSongDuration().split(':');\n    const minutes2Seconds: number = parseInt(prueba[0]) * 60;\n    const result: number = minutes2Seconds + parseInt(prueba[1]);\n\n    return result;\n  }\n\n  /**\n   * Gets genre objects that the song has\n   * @return Song genres\n   */\n  getGenre(genreName: string): MusicGenre {\n    let result: MusicGenre = this.genre[0];\n    for (let i = 0; i < this.genre.length; i++) {\n      if (genreName === this.genre[i].getName()) {\n        result = this.genre[i];\n      }\n    }\n    return result;\n  }\n\n  /**\n   * Gets if the song is a single or not\n   * @return True if is a single, false if is not a single\n   */\n  getSingle(): boolean {\n    return this.single;\n  }\n\n  /**\n   * Gets reproduction number of the song\n   * @return Number of reproductions of the song\n   */\n  getReproductionsNumber(): number {\n    return this.reproductionsNumber;\n  }\n}\n"]},"_coverageSchema":"1a1c01bbd47fc00a2c39e90264f33305004495a9","hash":"37ae4c04e55795d45ee240680e3d251a5af3a876","contentHash":"e65454b6ca97c2ae0f7fd723957e30edc32670f933d8c861c76d0269fcf64a99"},"/mnt/c/Users/uSer/Desktop/3º informatica/segundo cuatri/DSI/Digitalizando la colección de música de los abuelos/ull-esit-inf-dsi-21-22-prct07-music-datamodel-grupo_s/src/DefinitiveHierarchy/PrincipalClases/playlist.ts":{"path":"/mnt/c/Users/uSer/Desktop/3º informatica/segundo cuatri/DSI/Digitalizando la colección de música de los abuelos/ull-esit-inf-dsi-21-22-prct07-music-datamodel-grupo_s/src/DefinitiveHierarchy/PrincipalClases/playlist.ts","statementMap":{"0":{"start":{"line":2,"column":0},"end":{"line":2,"column":62}},"1":{"start":{"line":3,"column":0},"end":{"line":3,"column":27}},"2":{"start":{"line":18,"column":8},"end":{"line":18,"column":25}},"3":{"start":{"line":19,"column":8},"end":{"line":19,"column":27}},"4":{"start":{"line":20,"column":8},"end":{"line":20,"column":33}},"5":{"start":{"line":21,"column":8},"end":{"line":21,"column":27}},"6":{"start":{"line":22,"column":8},"end":{"line":22,"column":45}},"7":{"start":{"line":29,"column":8},"end":{"line":29,"column":25}},"8":{"start":{"line":36,"column":25},"end":{"line":36,"column":38}},"9":{"start":{"line":37,"column":8},"end":{"line":41,"column":9}},"10":{"start":{"line":37,"column":21},"end":{"line":37,"column":22}},"11":{"start":{"line":38,"column":12},"end":{"line":40,"column":13}},"12":{"start":{"line":39,"column":16},"end":{"line":39,"column":43}},"13":{"start":{"line":42,"column":8},"end":{"line":42,"column":26}},"14":{"start":{"line":45,"column":8},"end":{"line":45,"column":26}},"15":{"start":{"line":48,"column":25},"end":{"line":48,"column":27}},"16":{"start":{"line":49,"column":8},"end":{"line":53,"column":9}},"17":{"start":{"line":49,"column":21},"end":{"line":49,"column":22}},"18":{"start":{"line":50,"column":12},"end":{"line":52,"column":13}},"19":{"start":{"line":51,"column":16},"end":{"line":51,"column":53}},"20":{"start":{"line":54,"column":8},"end":{"line":54,"column":26}},"21":{"start":{"line":57,"column":8},"end":{"line":57,"column":30}},"22":{"start":{"line":60,"column":8},"end":{"line":60,"column":36}},"23":{"start":{"line":61,"column":8},"end":{"line":61,"column":26}},"24":{"start":{"line":64,"column":16},"end":{"line":64,"column":17}},"25":{"start":{"line":65,"column":8},"end":{"line":69,"column":9}},"26":{"start":{"line":66,"column":12},"end":{"line":68,"column":13}},"27":{"start":{"line":67,"column":16},"end":{"line":67,"column":22}},"28":{"start":{"line":70,"column":8},"end":{"line":70,"column":34}},"29":{"start":{"line":73,"column":8},"end":{"line":73,"column":26}},"30":{"start":{"line":81,"column":21},"end":{"line":81,"column":22}},"31":{"start":{"line":82,"column":8},"end":{"line":84,"column":9}},"32":{"start":{"line":82,"column":21},"end":{"line":82,"column":22}},"33":{"start":{"line":83,"column":12},"end":{"line":83,"column":61}},"34":{"start":{"line":85,"column":8},"end":{"line":85,"column":22}},"35":{"start":{"line":92,"column":21},"end":{"line":92,"column":34}},"36":{"start":{"line":93,"column":8},"end":{"line":97,"column":9}},"37":{"start":{"line":93,"column":21},"end":{"line":93,"column":22}},"38":{"start":{"line":94,"column":12},"end":{"line":96,"column":13}},"39":{"start":{"line":95,"column":16},"end":{"line":95,"column":39}},"40":{"start":{"line":98,"column":8},"end":{"line":98,"column":22}},"41":{"start":{"line":101,"column":8},"end":{"line":101,"column":35}},"42":{"start":{"line":104,"column":0},"end":{"line":104,"column":30}}},"fnMap":{"0":{"name":"(anonymous_0)","decl":{"start":{"line":17,"column":4},"end":{"line":17,"column":5}},"loc":{"start":{"line":17,"column":62},"end":{"line":23,"column":5}},"line":17},"1":{"name":"(anonymous_1)","decl":{"start":{"line":28,"column":4},"end":{"line":28,"column":5}},"loc":{"start":{"line":28,"column":14},"end":{"line":30,"column":5}},"line":28},"2":{"name":"(anonymous_2)","decl":{"start":{"line":35,"column":4},"end":{"line":35,"column":5}},"loc":{"start":{"line":35,"column":19},"end":{"line":43,"column":5}},"line":35},"3":{"name":"(anonymous_3)","decl":{"start":{"line":44,"column":4},"end":{"line":44,"column":5}},"loc":{"start":{"line":44,"column":20},"end":{"line":46,"column":5}},"line":44},"4":{"name":"(anonymous_4)","decl":{"start":{"line":47,"column":4},"end":{"line":47,"column":5}},"loc":{"start":{"line":47,"column":24},"end":{"line":55,"column":5}},"line":47},"5":{"name":"(anonymous_5)","decl":{"start":{"line":56,"column":4},"end":{"line":56,"column":5}},"loc":{"start":{"line":56,"column":18},"end":{"line":58,"column":5}},"line":56},"6":{"name":"(anonymous_6)","decl":{"start":{"line":59,"column":4},"end":{"line":59,"column":5}},"loc":{"start":{"line":59,"column":22},"end":{"line":62,"column":5}},"line":59},"7":{"name":"(anonymous_7)","decl":{"start":{"line":63,"column":4},"end":{"line":63,"column":5}},"loc":{"start":{"line":63,"column":29},"end":{"line":71,"column":5}},"line":63},"8":{"name":"(anonymous_8)","decl":{"start":{"line":72,"column":4},"end":{"line":72,"column":5}},"loc":{"start":{"line":72,"column":20},"end":{"line":74,"column":5}},"line":72},"9":{"name":"(anonymous_9)","decl":{"start":{"line":80,"column":4},"end":{"line":80,"column":5}},"loc":{"start":{"line":80,"column":18},"end":{"line":86,"column":5}},"line":80},"10":{"name":"(anonymous_10)","decl":{"start":{"line":91,"column":4},"end":{"line":91,"column":5}},"loc":{"start":{"line":91,"column":24},"end":{"line":99,"column":5}},"line":91},"11":{"name":"(anonymous_11)","decl":{"start":{"line":100,"column":4},"end":{"line":100,"column":5}},"loc":{"start":{"line":100,"column":31},"end":{"line":102,"column":5}},"line":100}},"branchMap":{"0":{"loc":{"start":{"line":38,"column":12},"end":{"line":40,"column":13}},"type":"if","locations":[{"start":{"line":38,"column":12},"end":{"line":40,"column":13}},{"start":{"line":38,"column":12},"end":{"line":40,"column":13}}],"line":38},"1":{"loc":{"start":{"line":50,"column":12},"end":{"line":52,"column":13}},"type":"if","locations":[{"start":{"line":50,"column":12},"end":{"line":52,"column":13}},{"start":{"line":50,"column":12},"end":{"line":52,"column":13}}],"line":50},"2":{"loc":{"start":{"line":66,"column":12},"end":{"line":68,"column":13}},"type":"if","locations":[{"start":{"line":66,"column":12},"end":{"line":68,"column":13}},{"start":{"line":66,"column":12},"end":{"line":68,"column":13}}],"line":66},"3":{"loc":{"start":{"line":94,"column":12},"end":{"line":96,"column":13}},"type":"if","locations":[{"start":{"line":94,"column":12},"end":{"line":96,"column":13}},{"start":{"line":94,"column":12},"end":{"line":96,"column":13}}],"line":94}},"s":{"0":1,"1":1,"2":4,"3":4,"4":4,"5":4,"6":4,"7":12,"8":2,"9":2,"10":2,"11":20,"12":2,"13":2,"14":2,"15":1,"16":1,"17":1,"18":4,"19":1,"20":1,"21":1,"22":0,"23":0,"24":0,"25":0,"26":0,"27":0,"28":0,"29":2,"30":1,"31":1,"32":1,"33":4,"34":1,"35":1,"36":1,"37":1,"38":4,"39":0,"40":1,"41":1,"42":1},"f":{"0":4,"1":12,"2":2,"3":2,"4":1,"5":1,"6":0,"7":0,"8":2,"9":1,"10":1,"11":1},"b":{"0":[2,18],"1":[1,3],"2":[0,0],"3":[0,4]},"inputSourceMap":{"version":3,"file":"/mnt/c/Users/uSer/Desktop/3º informatica/segundo cuatri/DSI/Digitalizando la colección de música de los abuelos/ull-esit-inf-dsi-21-22-prct07-music-datamodel-grupo_s/src/DefinitiveHierarchy/PrincipalClases/playlist.ts","sources":["/mnt/c/Users/uSer/Desktop/3º informatica/segundo cuatri/DSI/Digitalizando la colección de música de los abuelos/ull-esit-inf-dsi-21-22-prct07-music-datamodel-grupo_s/src/DefinitiveHierarchy/PrincipalClases/playlist.ts"],"names":[],"mappings":";;;AAEA;;;GAGG;AACH,MAAa,SAAS;IACpB;;;;;;;OAOG;IACH,YAAoB,IAAY,EAAU,KAAa,EAC7C,QAAgB,EAAU,KAAmB,EAAU,cAAuB;QADpE,SAAI,GAAJ,IAAI,CAAQ;QAAU,UAAK,GAAL,KAAK,CAAQ;QAC7C,aAAQ,GAAR,QAAQ,CAAQ;QAAU,UAAK,GAAL,KAAK,CAAc;QAAU,mBAAc,GAAd,cAAc,CAAS;IACxF,CAAC;IACD;;;OAGG;IACH,OAAO;QACL,OAAO,IAAI,CAAC,IAAI,CAAC;IACnB,CAAC;IACD;;;OAGG;IACH,QAAQ,CAAC,IAAY;QACnB,IAAI,UAAU,GAAS,IAAI,CAAC,KAAK,CAAC,CAAC,CAAC,CAAC;QACrC,KAAK,IAAI,CAAC,GAAG,CAAC,EAAE,CAAC,GAAG,IAAI,CAAC,KAAK,CAAC,MAAM,EAAE,CAAC,EAAE,EAAE;YAC1C,IAAI,IAAI,CAAC,KAAK,CAAC,CAAC,CAAC,CAAC,OAAO,EAAE,KAAK,IAAI,EAAE;gBACpC,UAAU,GAAG,IAAI,CAAC,KAAK,CAAC,CAAC,CAAC,CAAC;aAC5B;SACF;QACD,OAAO,UAAU,CAAC;IACpB,CAAC;IACD,aAAa;QACX,OAAO,IAAI,CAAC,KAAK,CAAC;IACpB,CAAC;IACD,aAAa,CAAC,IAAY;QACxB,IAAI,UAAU,GAAW,EAAE,CAAC;QAC5B,KAAK,IAAI,CAAC,GAAG,CAAC,EAAE,CAAC,GAAG,IAAI,CAAC,KAAK,CAAC,MAAM,EAAE,CAAC,EAAE,EAAE;YAC1C,IAAI,IAAI,CAAC,KAAK,CAAC,CAAC,CAAC,CAAC,OAAO,EAAE,KAAK,IAAI,EAAE;gBACpC,UAAU,GAAG,IAAI,CAAC,KAAK,CAAC,CAAC,CAAC,CAAC,OAAO,EAAE,CAAC;aACtC;SACF;QACD,OAAO,UAAU,CAAC;IACpB,CAAC;IACD,OAAO,CAAC,IAAU;QAChB,IAAI,CAAC,KAAK,CAAC,IAAI,CAAC,IAAI,CAAC,CAAC;IACxB,CAAC;IACD,UAAU,CAAC,KAAa;QACtB,IAAI,CAAC,KAAK,CAAC,MAAM,CAAC,KAAK,EAAE,CAAC,CAAC,CAAC;QAC5B,OAAO,IAAI,CAAC,KAAK,CAAC;IACpB,CAAC;IACD,cAAc,CAAC,QAAgB;QAC7B,IAAI,CAAC,GAAG,CAAC,CAAC;QACV,KAAK,CAAC,GAAG,CAAC,EAAE,CAAC,GAAG,IAAI,CAAC,KAAK,CAAC,MAAM,EAAE,CAAC,EAAE,EAAE;YACtC,IAAI,IAAI,CAAC,KAAK,CAAC,CAAC,CAAC,CAAC,OAAO,EAAE,KAAK,QAAQ,EAAE;gBACxC,MAAM;aACP;SACF;QACD,OAAO,IAAI,CAAC,UAAU,CAAC,CAAC,CAAC,CAAC;IAC5B,CAAC;IACD,aAAa;QACX,OAAO,IAAI,CAAC,KAAK,CAAC;IACpB,CAAC;IACD;;;OAGG;IACH,yCAAyC;IACzC,WAAW;QACT,IAAI,MAAM,GAAW,CAAC,CAAC;QACvB,KAAK,IAAI,CAAC,GAAG,CAAC,EAAE,CAAC,GAAG,IAAI,CAAC,KAAK,CAAC,MAAM,EAAE,CAAC,EAAE,EAAE;YAC1C,MAAM,GAAG,MAAM,GAAG,IAAI,CAAC,KAAK,CAAC,CAAC,CAAC,CAAC,cAAc,EAAE,CAAC;SAClD;QACD,OAAO,MAAM,CAAC;IAChB,CAAC;IAED;;;OAGG;IACH,QAAQ,CAAC,SAAiB;QACxB,IAAI,MAAM,GAAe,IAAI,CAAC,KAAK,CAAC,CAAC,CAAC,CAAC;QACvC,KAAK,IAAI,CAAC,GAAG,CAAC,EAAE,CAAC,GAAG,IAAI,CAAC,KAAK,CAAC,MAAM,EAAE,CAAC,EAAE,EAAE;YAC1C,IAAI,IAAI,CAAC,KAAK,CAAC,CAAC,CAAC,CAAC,OAAO,EAAE,KAAK,SAAS,EAAE;gBACzC,MAAM,GAAG,IAAI,CAAC,KAAK,CAAC,CAAC,CAAC,CAAC;aACxB;SACF;QACD,OAAO,MAAM,CAAC;IAChB,CAAC;IACD,wBAAwB;QACtB,OAAO,IAAI,CAAC,cAAc,CAAC;IAC7B,CAAC;CACF;AA5FD,8BA4FC","sourcesContent":["import {Song} from './song';\nimport {MusicGenre} from './musicGenre';\n/**\n * This class represents the structure of the\n * Playlists objects\n */\nexport class Playlists {\n  /**\n   * Creates a playlist object\n   * @param name Playlist na
[...]
:{"start":{"line":129,"column":8},"end":{"line":129,"column":36}},"44":{"start":{"line":136,"column":8},"end":{"line":136,"column":26}},"45":{"start":{"line":139,"column":0},"end":{"line":139,"column":40}}},"fnMap":{"0":{"name":"(anonymous_0)","decl":{"start":{"line":14,"column":4},"end":{"line":14,"column":5}},"loc":{"start":{"line":14,"column":23},"end":{"line":17,"column":5}},"line":14},"1":{"name":"(anonymous_1)","decl":{"start":{"line":22,"column":4},"end":{"line":22,"column":5}},"loc":{"start":{"line":22,"column":18},"end":{"line":24,"column":5}},"line":22},"2":{"name":"(anonymous_2)","decl":{"start":{"line":29,"column":4},"end":{"line":29,"column":5}},"loc":{"start":{"line":29,"column":22},"end":{"line":37,"column":5}},"line":29},"3":{"name":"(anonymous_3)","decl":{"start":{"line":42,"column":4},"end":{"line":42,"column":5}},"loc":{"start":{"line":42,"column":30},"end":{"line":49,"column":5}},"line":42},"4":{"name":"(anonymous_4)","decl":{"start":{"line":55,"column":4},"end":{"line":55,"column":5}},"loc":{"start":{"line":55,"column":22},"end":{"line":66,"column":5}},"line":55},"5":{"name":"(anonymous_5)","decl":{"start":{"line":72,"column":4},"end":{"line":72,"column":5}},"loc":{"start":{"line":72,"column":48},"end":{"line":79,"column":5}},"line":72},"6":{"name":"(anonymous_6)","decl":{"start":{"line":85,"column":4},"end":{"line":85,"column":5}},"loc":{"start":{"line":85,"column":26},"end":{"line":92,"column":5}},"line":85},"7":{"name":"(anonymous_7)","decl":{"start":{"line":98,"column":4},"end":{"line":98,"column":5}},"loc":{"start":{"line":98,"column":22},"end":{"line":101,"column":5}},"line":98},"8":{"name":"(anonymous_8)","decl":{"start":{"line":107,"column":4},"end":{"line":107,"column":5}},"loc":{"start":{"line":107,"column":29},"end":{"line":115,"column":5}},"line":107},"9":{"name":"(anonymous_9)","decl":{"start":{"line":120,"column":4},"end":{"line":120,"column":5}},"loc":{"start":{"line":120,"column":25},"end":{"line":122,"column":5}},"line":120},"10":{"name":"(anonymous_10)","decl":{"start":{"line":128,"column":4},"end":{"line":128,"column":5}},"loc":{"start":{"line":128,"column":25},"end":{"line":130,"column":5}},"line":128},"11":{"name":"(anonymous_11)","decl":{"start":{"line":135,"column":4},"end":{"line":135,"column":5}},"loc":{"start":{"line":135,"column":19},"end":{"line":137,"column":5}},"line":135}},"branchMap":{"0":{"loc":{"start":{"line":32,"column":12},"end":{"line":34,"column":13}},"type":"if","locations":[{"start":{"line":32,"column":12},"end":{"line":34,"column":13}},{"start":{"line":32,"column":12},"end":{"line":34,"column":13}}],"line":32},"1":{"loc":{"start":{"line":44,"column":12},"end":{"line":46,"column":13}},"type":"if","locations":[{"start":{"line":44,"column":12},"end":{"line":46,"column":13}},{"start":{"line":44,"column":12},"end":{"line":46,"column":13}}],"line":44},"2":{"loc":{"start":{"line":58,"column":12},"end":{"line":60,"column":13}},"type":"if","locations":[{"start":{"line":58,"column":12},"end":{"line":60,"column":13}},{"start":{"line":58,"column":12},"end":{"line":60,"column":13}}],"line":58},"3":{"loc":{"start":{"line":62,"column":8},"end":{"line":64,"column":9}},"type":"if","locations":[{"start":{"line":62,"column":8},"end":{"line":64,"column":9}},{"start":{"line":62,"column":8},"end":{"line":64,"column":9}}],"line":62},"4":{"loc":{"start":{"line":74,"column":12},"end":{"line":76,"column":13}},"type":"if","locations":[{"start":{"line":74,"column":12},"end":{"line":76,"column":13}},{"start":{"line":74,"column":12},"end":{"line":76,"column":13}}],"line":74},"5":{"loc":{"start":{"line":87,"column":12},"end":{"line":89,"column":13}},"type":"if","locations":[{"start":{"line":87,"column":12},"end":{"line":89,"column":13}},{"start":{"line":87,"column":12},"end":{"line":89,"column":13}}],"line":87},"6":{"loc":{"start":{"line":110,"column":12},"end":{"line":112,"column":13}},"type":"if","locations":[{"start":{"line":110,"column":12},"end":{"line":112,"column":13}},{"start":{"line":110,"column":12},"end":{"line":112,"column":13}}],"line":110}},"s":{"0":1,"1":1,"2":1,"3":1,"4":1,"5":0,"6":1,"7":1,"8":1,"9":5,"10":1,"11":1,"12":2,"13":2,"14":6,"15":1,"16":1,"17":2,"18":2,"19":2,"20":10,"21":1,"22":2,"23":1,"24":2,"25":2,"26":2,"27":6,"28":1,"29":1,"30":2,"31":2,"32":10,"33":1,"34":1,"35":0,"36":0,"37":0,"38":0,"39":0,"40":0,"41":0,"42":1,"43":1,"44":1,"45":1},"f":{"0":1,"1":0,"2":1,"3":2,"4":2,"5":2,"6":2,"7":0,"8":0,"9":1,"10":1,"11":1},"b":{"0":[1,4],"1":[1,5],"2":[1,9],"3":[1,1],"4":[1,5],"5":[1,9],"6":[0,0]},"inputSourceMap":{"version":3,"file":"/mnt/c/Users/uSer/Desktop/3º informatica/segundo cuatri/DSI/Digitalizando la colección de música de los abuelos/ull-esit-inf-dsi-21-22-prct07-music-datamodel-grupo_s/src/DefinitiveHierarchy/Collectionables/songCollection.ts","sources":["/mnt/c/Users/uSer/Desktop/3º informatica/segundo cuatri/DSI/Digitalizando la colección de música de los abuelos/ull-esit-inf-dsi-21-22-prct07-music-datamodel-grupo_s/src/DefinitiveHierarchy/Collectionables/songCollection.ts"],"names":[],"mappings":";;;AAAA,oCAAoC;AACpC,2EAAsE;AAItE;;GAEG;AACH,MAAa,cAAe,SAAQ,qDAA+B;IACjE;;;OAGG;IACH,YAAsB,KAAa;QACjC,KAAK,CAAC,KAAK,CAAC,CAAC;QADO,UAAK,GAAL,KAAK,CAAQ;IAEnC,CAAC;IACD;;;OAGG;IACI,OAAO,CAAC,IAAU;QACvB,IAAI,CAAC,KAAK,CAAC,IAAI,CAAC,IAAI,CAAC,CAAC;IACxB,CAAC;IACD;;;OAGG;IACI,OAAO,CAAC,QAAgB;QAC7B,IAAI,MAAM,GAAS,IAAI,CAAC,KAAK,CAAC,CAAC,CAAC,CAAC;QACjC,KAAK,IAAI,CAAC,GAAG,CAAC,EAAE,CAAC,GAAG,IAAI,CAAC,KAAK,CAAC,MAAM,EAAE,CAAC,EAAE,EAAE;YAC1C,IAAI,IAAI,CAAC,KAAK,CAAC,CAAC,CAAC,CAAC,OAAO,EAAE,KAAK,QAAQ,EAAE;gBACxC,MAAM,GAAG,IAAI,CAAC,KAAK,CAAC,CAAC,CAAC,CAAC;aACxB;SACF;QACD,OAAO,MAAM,CAAC;IAChB,CAAC;IACD;;;OAGG;IACI,aAAa,CAAC,UAAkB;QACrC,KAAK,IAAI,CAAC,GAAG,CAAC,EAAE,CAAC,GAAG,IAAI,CAAC,KAAK,CAAC,MAAM,EAAE,CAAC,EAAE,EAAE;YAC1C,IAAI,IAAI,CAAC,KAAK,CAAC,CAAC,CAAC,CAAC,SAAS,CAAC,UAAU,CAAC,OAAO,EAAE,CAAC,KAAK,UAAU,EAAE;gBAChE,OAAO,IAAI,CAAC,KAAK,CAAC,CAAC,CAAC,CAAC,SAAS,CAAC,UAAU,CAAC,OAAO,EAAE,CAAC,CAAC;aACtD;SACF;QACD,OAAO,uCAAuC,CAAC;IACjD,CAAC;IACD;;;;OAIG;IACI,OAAO,CAAC,QAAgB;QAC7B,IAAI,OAAO,GAAW,EAAE,CAAC;QACzB,KAAK,IAAI,CAAC,GAAG,CAAC,EAAE,CAAC,GAAG,IAAI,CAAC,KAAK,CAAC,MAAM,EAAE,CAAC,EAAE,EAAE;YAC1C,IAAI,IAAI,CAAC,KAAK,CAAC,CAAC,CAAC,CAAC,OAAO,EAAE,KAAK,QAAQ,EAAE;gBACxC,OAAO,GAAG,IAAI,CAAC,KAAK,CAAC,CAAC,CAAC,CAAC,OAAO,EAAE,CAAC;aACnC;SACF;QACD,IAAI,OAAO,KAAK,EAAE,EAAE;YAClB,OAAO,GAAG,+BAA+B,CAAC;SAC3C;QACD,OAAO,OAAO,CAAC;IACjB,CAAC;IACD;;;;OAIG;IACI,sBAAsB,CAAC,mBAA2B;QACvD,KAAK,IAAI,CAAC,GAAG,CAAC,EAAE,CAAC,GAAG,IAAI,CAAC,KAAK,CAAC,MAAM,EAAE,CAAC,EAAE,EAAE;YAC1C,IAAI,IAAI,CAAC,KAAK,CAAC,CAAC,CAAC,CAAC,sBAAsB,EAAE,KAAK,mBAAmB,EAAE;gBAClE,OAAO,IAAI,CAAC,KAAK,CAAC,CAAC,CAAC,CAAC;aACtB;SACF;QACD,OAAO,yCAAyC,CAAC;IACnD,CAAC;IACD;;;;OAIG;IACI,WAAW,CAAC,QAAgB;QACjC,KAAK,IAAI,CAAC,GAAG,CAAC,EAAE,CAAC,GAAG,IAAI,CAAC,KAAK,CAAC,MAAM,EAAE,CAAC,EAAE,EAAE;YAC1C,IAAI,IAAI,CAAC,KAAK,CAAC,CAAC,CAAC,CAAC,cAAc,EAAE,KAAK,QAAQ,EAAE;gBAC/C,OAAO,IAAI,CAAC,KAAK,CAAC,CAAC,CAAC,CAAC;aACtB;SACF;QACD,OAAO,yCAAyC,CAAC;IACnD,CAAC;IACD;;;;OAIG;IACK,UAAU,CAAC,KAAa;QAC9B,IAAI,CAAC,KAAK,CAAC,MAAM,CAAC,KAAK,EAAE,CAAC,CAAC,CAAC;QAC5B,OAAO,IAAI,CAAC,KAAK,CAAC;IACpB,CAAC;IACD;;;;OAIG;IACI,cAAc,CAAC,QAAgB;QACpC,IAAI,CAAC,GAAG,CAAC,CAAC;QACV,KAAK,CAAC,GAAG,CAAC,EAAE,CAAC,GAAG,IAAI,CAAC,KAAK,CAAC,MAAM,EAAE,CAAC,EAAE,EAAE;YACtC,IAAI,IAAI,CAAC,KAAK,CAAC,CAAC,CAAC,CAAC,OAAO,EAAE,KAAK,QAAQ,EAAE;gBACxC,MAAM;aACP;SACF;QACD,OAAO,IAAI,CAAC,UAAU,CAAC,CAAC,CAAC,CAAC;IAC5B,CAAC;IACD;;;OAGG;IACI,kBAAkB;QACvB,OAAO,IAAI,CAAC,KAAK,CAAC,MAAM,CAAC;IAC3B,CAAC;IACD;;;;OAIG;IACI,UAAU,CAAC,QAAgB;QAChC,OAAO,IAAI,CAAC,KAAK,CAAC,QAAQ,CAAC,CAAC;IAC9B,CAAC;IACD;;;OAGG;IACI,YAAY;QACjB,OAAO,IAAI,CAAC,KAAK,CAAC;IACpB,CAAC;CACF;AAhID,wCAgIC","sourcesContent":["/* eslint-disable linebreak-style */\nimport {BasicStreamableCollection} from './basicstreamablecollection';\nimport {Song} from '../PrincipalClases/song';\nimport {Artist} from '../PrincipalClases/artist';\n\n/**\n * Collection of songs\n */\nexport class SongCollection extends BasicStreamableCollection<Song> {\n  /**\n   * Recieves a song array\n   * @param songs Song array\n   */\n  constructor(protected songs: Song[]) {\n    super(songs);\n  }\n  /**\n   * Adds a song object to the collection\n   * @param song Authors of any song\n   */\n  public addSong(song: Song) {\n    this.songs.push(song);\n  }\n  /**\n   * Gets the song object of the collection\n   * @param songName Playlist element\n   */\n  public getSong(songName: string): Song {\n    let result: Song = this.songs[0];\n    for (let i = 0; i < this.songs.length; i++) {\n      if (this.songs[i].getName() === songName) {\n        result = this.songs[i];\n      }\n    }\n    return result;\n  }\n  /**\n   * Gets the song author of the collection\n   * @param authorName Author name\n   */\n  public getSongAuthor(authorName: Artist): Artist | string {\n    for (let i = 0; i < this.songs.length; i++) {\n      if (this.songs[i].getAuthor(authorName.getName()) === authorName) {\n        return this.songs[i].getAuthor(authorName.getName());\n      }\n    }\n    return `No existe el autor que intenta buscar`;\n  }\n  /**\n   * Gets the song name\n   * @param songName Song name\n   * @returns Song name\n   */\n  public getName(songName: string): string {\n    let success: string = ``;\n    for (let i = 0; i < this.songs.length; i++) {\n      if (this.songs[i].getName() === songName) {\n        success = this.songs[i].getName();\n      }\n    }\n    if (success === ``) {\n      success = `No existe la canción a buscar`;\n    }\n    return success;\n  }\n  /**\n   * Gets the song with a specific repoduction number\n   * @param reproductionsNumber Song reproduction number\n   * @returns Song with a specific number of repoductions\n   */\n  public getReproductionsNumber(reproductionsNumber: number): Song | string {\n    for (let i = 0; i < this.songs.length; i++) {\n      if (this.songs[i].getReproductionsNumber() === reproductionsNumber) {\n        return this.songs[i];\n      }\n    }\n    return `No existe la canción que intenta buscar`;\n  }\n  /**\n   * Gets the song with a specific duration\n   * @param duration Song duration\n   * @returns Song with a specific duration\n   */\n  public getDuration(duration: number): Song | string {\n    for (let i = 0; i < this.songs.length; i++) {\n      if (this.songs[i].durationFormat() === duration) {\n        return this.songs[i];\n      }\n    }\n    return `No existe la canción que intenta buscar`;\n  }\n  /**\n   * Remove a song of the collection\n   * @param index Index of the element to be removed\n   * @return The artist array without the deleted element\n   */\n  private removeSong(index: number): Song[] {\n    this.songs.splice(index, 1);\n    return this.songs;\n  }\n  /**\n   * Gets the index of the element to be deleted\n   * @param songName Name of the song\n   * @return The index of the element that wants to be deleted\n   */\n  public getRemoveIndex(songName: string): Song[] {\n    let i = 0;\n    for (i = 0; i < this.songs.length; i++) {\n      if (this.songs[i].getName() === songName) {\n        break;\n      }\n    }\n    return this.removeSong(i);\n  }\n  /**\n   * The lenght of the song array\n   * @returns The array lenght\n   */\n  public getColectionlength(): number {\n    return this.songs.length;\n  }\n  /**\n   * The song object\n   * @param position The index of the element\n   * @returns Song object\n   */\n  public getnObject(position: number): Song {\n    return this.songs[position];\n  }\n  /**\n   * Gets the song collection\n   * @returns Song array\n   */\n  public getSongArray(): Song[] {\n    return this.songs;\n  }\n}\n"]},"_coverageSchema":"1a1c01bbd47fc00a2c39e90264f33305004495a9","hash":"e8cb4046019df9a4fd91b1b598319e67f725d849","contentHash":"72cf204da511a238e7789291e8380064c3d5664249b186fbf6514aa8f8801adc"},"/mnt/c/Users/uSer/Desktop/3º informatica/segundo cuatri/DSI/Digitalizando la colección de música de los abuelos/ull-esit-inf-dsi-21-22-prct07-music-datamodel-grupo_s/src/DefinitiveHierarchy/PrincipalClases/album.ts":{"path":"/mnt/c/Users/uSer/Desktop/3º informatica/segundo cuatri/DSI/Digitalizando la colección de música de los abuelos/ull-esit-inf-dsi-21-22-prct07-music-datamodel-grupo_s/src/DefinitiveHierarchy/PrincipalClases/album.ts","statementMap":{"0":{"start":{"line":2,"column":0},"end":{"line":2,"column":62}},"1":{"start":{"line":3,"column":0},"end":{"line":3,"column":23}},"2":{"start":{"line":19,"column":8},"end":{"line":19,"column":25}},"3":{"start":{"line":20,"column":8},"end":{"line":20,"column":29}},"4":{"start":{"line":21,"column":8},"end":{"line":21,"column":47}},"5":{"start":{"line":22,"column":8},"end":{"line":22,"column":27}},"6":{"start":{"line":23,"column":8},"end":{"line":23,"column":27}},"7":{"start":{"line":24,"column":8},"end":{"line":24,"column":27}},"8":{"start":{"line":31,"column":8},"end":{"line":31,"column":25}},"9":{"start":{"line":38,"column":8},"end":{"line":38,"column":26}},"10":{"start":{"line":45,"column":8},"end":{"line":49,"column":9}},"11":{"start":{"line":45,"column":21},"end":{"line":45,"column":22}},"12":{"start":{"line":46,"column":12},"end":{"line":48,"column":13}},"13":{"start":{"line":47,"column":16},"end":{"line":47,"column":38}},"14":{"start":{"line":50,"column":8},"end":{"line":50,"column":30}},"15":{"start":{"line":57,"column":8},"end":{"line":57,"column":36}},"16":{"start":{"line":65,"column":8},"end":{"line":69,"column":9}},"17":{"start":{"line":65,"column":21},"end":{"line":65,"column":22}},"18":{"start":{"line":66,"column":12},"end":{"line":68,"column":13}},"19":{"start":{"line":67,"column":16},"end":{"line":67,"column":37}},"20":{"start":{"line":70,"column":8},"end":{"line":70,"column":29}},"21":{"start":{"line":77,"column":8},"end":{"line":77,"column":72}},"22":{"start":{"line":77,"column":40},"end":{"line":77,"column":70}},"23":{"start":{"line":80,"column":0},"end":{"line":80,"column":22}}},"fnMap":{"0":{"name":"(anonymous_0)","decl":{"start":{"line":18,"column":4},"end":{"line":18,"column":5}},"loc":{"start":{"line":18,"column":68},"end":{"line":25,"column":5}},"line":18},"1":{"name":"(anonymous_1)","decl":{"start":{"line":30,"column":4},"end":{"line":30,"column":5}},"loc":{"start":{"line":30,"column":14},"end":{"line":32,"column":5}},"line":30},"2":{"name":"(anonymous_2)","decl":{"start":{"line":37,"column":4},"end":{"line":37,"column":5}},"loc":{"start":{"line":37,"column":15},"end":{"line":39,"column":5}},"line":37},"3":{"name":"(anonymous_3)","decl":{"start":{"line":44,"column":4},"end":{"line":44,"column":5}},"loc":{"start":{"line":44,"column":26},"end":{"line":51,"column":5}},"line":44},"4":{"name":"(anonymous_4)","decl":{"start":{"line":56,"column":4},"end":{"line":56,"column":5}},"loc":{"start":{"line":56,"column":25},"end":{"line":58,"column":5}},"line":56},"5":{"name":"(anonymous_5)","decl":{"start":{"line":63,"column":4},"end":{"line":63,"column":5}},"loc":{"start":{"line":63,"column":24},"end":{"line":71,"column":5}},"line":63},"6":{"name":"(anonymous_6)","decl":{"start":{"line":76,"column":4},"end":{"line":76,"column":5}},"loc":{"start":{"line":76,"column":19},"end":{"line":78,"column":5}},"line":76},"7":{"name":"(anonymous_7)","decl":{"start":{"line":77,"column":33},"end":{"line":77,"column":34}},"loc":{"start":{"line":77,"column":40},"end":{"line":77,"column":70}},"line":77}},"branchMap":{"0":{"loc":{"start":{"line":46,"column":12},"end":{"line":48,"column":13}},"type":"if","locations":[{"start":{"line":46,"column":12},"end":{"line":48,"column":13}},{"start":{"line":46,"column":12},"end":{"line":48,"column":13}}],"line":46},"1":{"loc":{"start":{"line":66,"column":12},"end":{"line":68,"column":13}},"type":"if","locations":[{"start":{"line":66,"column":12},"end":{"line":68,"column":13}},{"start":{"line":66,"column":12},"end":{"line":68,"column":13}}],"line":66}},"s":{"0":1,"1":1,"2":1,"3":1,"4":1,"5":1,"6":1,"7":1,"8":1,"9":1,"10":1,"11":1,"12":1,"13":1,"14":0,"15":1,"16":1,"17":1,"18":1,"19":1,"20":0,"21":1,"22":1,"23":1},"f":{"0":1,"1":1,"2":1,"3":1,"4":1,"5":1,"6":1,"7":1},"b":{"0":[1,0],"1":[1,0]},"inputSourceMap":{"version":3,"file":"/mnt/c/Users/uSer/Desktop/3º informatica/segundo cuatri/DSI/Digitalizando la colección de música de los abuelos/ull-esit-inf-dsi-21-22-prct07-music-datamodel-grupo_s/src/DefinitiveHierarchy/PrincipalClases/album.ts","sources":["/mnt/c/Users/uSer/Desktop/3º informatica/segundo cuatri/DSI/Digitalizando la colección de música de los abuelos/ull-esit-inf-dsi-21-22-prct07-music-datamodel-grupo_s/src/DefinitiveHierarchy/PrincipalClases/album.ts"],"names":[],"mappings":";;;AAKA;;;GAGG;AACH,MAAa,KAAK;IAChB;;;;;;;;OAQG;IACH,YAAoB,IAAY,EAAU,MAAgB,EAChD,eAAuB,EAAU,KAAmB,EAAU,KAAa,EAAU,KAAa;QADxF,SAAI,GAAJ,IAAI,CAAQ;QAAU,WAAM,GAAN,MAAM,CAAU;QAChD,oBAAe,GAAf,eAAe,CAAQ;QAAU,UAAK,GAAL,KAAK,CAAc;QAAU,UAAK,GAAL,KAAK,CAAQ;QAAU,UAAK,GAAL,KAAK,CAAQ;IAC5G,CAAC;IACD;;;OAGG;IACH,OAAO;QACL,OAAO,IAAI,CAAC,IAAI,CAAC;IACnB,CAAC;IACD;;;OAGG;IACH,QAAQ;QACN,OAAO,IAAI,CAAC,KAAK,CAAC;IACpB,CAAC;IACD;;;OAGG;IACH,SAAS,CAAC,UAAkB;QAC1B,KAAK,IAAI,CAAC,GAAG,CAAC,EAAE,CAAC,GAAG,IAAI,CAAC,MAAM,CAAC,MAAM,EAAE,CAAC,EAAE,EAAE;YAC3C,IAAI,IAAI,CAAC,MAAM,CAAC,CAAC,CAAC,CAAC,OAAO,EAAE,KAAK,UAAU,EAAE;gBAC3C,OAAO,IAAI,CAAC,MAAM,CAAC,CAAC,CAAC,CAAC;aACvB;SACF;QACD,OAAO,IAAI,CAAC,MAAM,CAAC,CAAC,CAAC,CAAC;IACxB,CAAC;IACD;;;OAGG;IACH,kBAAkB;QAChB,OAAO,IAAI,CAAC,eAAe,CAAC;IAC9B,CAAC;IACD;;;OAGG;IACH,QAAQ,CAAC,SAAiB;QACxB,qBAAqB;QACrB,KAAK,IAAI,CAAC,GAAG,CAAC,EAAE,CAAC,GAAG,IAAI,CAAC,KAAK,CAAC,MAAM,EAAE,CAAC,EAAE,EAAE;YAC1C,IAAI,IAAI,CAAC,KAAK,CAAC,CAAC,CAAC,CAAC,OAAO,EAAE,KAAK,SAAS,EAAE;gBACzC,OAAO,IAAI,CAAC,KAAK,CAAC,CAAC,CAAC,CAAC;aACtB;SACF;QACD,OAAO,IAAI,CAAC,KAAK,CAAC,CAAC,CAAC,CAAC;IACvB,CAAC;IACD;;;OAGG;IACH,QAAQ,CAAC,IAAU;QACjB,OAAO,IAAI,CAAC,KAAK,CAAC,MAAM,CAAC,CAAC,CAAC,EAAE,EAAE,CAAC,CAAC,CAAC,OAAO,EAAE,KAAK,IAAI,CAAC,OAAO,EAAE,CAAC,CAAC;IAClE,CAAC;CACF;AAlED,sBAkEC","sourcesContent":["/* eslint-disable linebreak-style */\nimport {Group} from './groups';\nimport {Artist} from './artist';\nimport {MusicGenre} from './musicGenre';\nimport {Song} from './song';\n/**\n * This class represents the structure of the\n * album objects\n */\nexport class Album {\n  /**\n   * Creates an album object\n   * @param name Album name\n   * @param artist Artist name\n   * @param yearPublication Album publication year\n   * @param genre Album music genre\n   * @param songs Album songs\n   * @param group Group name\n   */\n  constructor(private name: string, private artist: Artist[],\n    private yearPublication: number, private genre: MusicGenre[], private songs: Song[], private group?: Group) {\n  }\n  /**\n   * Gets the album name\n   * @return Album name\n   */\n  getName(): string {\n    return this.name;\n  }\n  /**\n   * Gets a group object\n   * @return Group object\n   */\n  getGroup(): Group | undefined {\n    return this.group;\n  }\n  /**\n   * Gets an artist object\n   * @return Artist Object\n   */\n  getArtist(ArtistName: string): Artist {\n    for (let i = 0; i < this.artist.length; i++) {\n      if (this.artist[i].getName() === ArtistName) {\n        return this.artist[i];\n      }\n    }\n    return this.artist[0];\n  }\n  /**\n   * Gets the year publication year\n   * @return Album publication year\n   */\n  getYearPublication(): number {\n    return this.yearPublication;\n  }\n  /**\n   * Gets a music genre object\n   * @return Music genre Object\n   */\n  getGenre(GenreName: string): MusicGenre {\n    // return this.genre;\n    for (let i = 0; i < this.genre.length; i++) {\n      if (this.genre[i].getName() === GenreName) {\n        return this.genre[i];\n      }\n    }\n    return this.genre[0];\n  }\n  /**\n   * Gets a song name\n   * @return Song name\n   */\n  getSongs(song: Song): Song[] {\n    return this.songs.filter((s) => s.getName() === song.getName());\n  }\n}\n"]},"_coverageSchema":"1a1c01bbd47fc00a2c39e90264f33305004495a9","hash":"4931e7537cbf0f30bd8c7a7e1451969dbdd00761","contentHash":"8ef5826d14ce7e3f365c6aeb523472902a7d81fae08365eee7662984002aa506"}}