TN:
SF:src/DefinitiveHierarchy/Collectionables/artistCollection.ts
FN:13,(anonymous_0)
FN:20,(anonymous_1)
FN:27,(anonymous_2)
FN:40,(anonymous_3)
FN:57,(anonymous_4)
FN:74,(anonymous_5)
FN:91,(anonymous_6)
FN:108,(anonymous_7)
FN:125,(anonymous_8)
FN:142,(anonymous_9)
FN:151,(anonymous_10)
FN:164,(anonymous_11)
FN:172,(anonymous_12)
FNF:13
FNH:11
FNDA:1,(anonymous_0)
FNDA:1,(anonymous_1)
FNDA:1,(anonymous_2)
FNDA:1,(anonymous_3)
FNDA:1,(anonymous_4)
FNDA:2,(anonymous_5)
FNDA:2,(anonymous_6)
FNDA:2,(anonymous_7)
FNDA:2,(anonymous_8)
FNDA:0,(anonymous_9)
FNDA:0,(anonymous_10)
FNDA:1,(anonymous_11)
FNDA:1,(anonymous_12)
DA:2,1
DA:8,1
DA:13,1
DA:14,1
DA:21,1
DA:28,1
DA:29,4
DA:30,0
DA:33,1
DA:41,1
DA:42,1
DA:43,4
DA:44,0
DA:47,1
DA:48,1
DA:50,1
DA:58,1
DA:59,1
DA:60,4
DA:61,1
DA:64,1
DA:65,0
DA:67,1
DA:75,2
DA:76,2
DA:77,8
DA:78,1
DA:81,2
DA:82,1
DA:84,2
DA:92,2
DA:93,2
DA:94,8
DA:95,1
DA:98,2
DA:99,1
DA:101,2
DA:109,2
DA:110,2
DA:111,8
DA:112,1
DA:115,2
DA:116,1
DA:118,2
DA:126,2
DA:127,2
DA:128,8
DA:129,1
DA:132,2
DA:133,1
DA:135,2
DA:143,0
DA:144,0
DA:152,0
DA:153,0
DA:154,0
DA:155,0
DA:158,0
DA:165,1
DA:173,1
LF:60
LH:50
BRDA:29,0,0,0
BRDA:29,0,1,4
BRDA:43,1,0,0
BRDA:43,1,1,4
BRDA:47,2,0,1
BRDA:47,2,1,0
BRDA:60,3,0,1
BRDA:60,3,1,3
BRDA:64,4,0,0
BRDA:64,4,1,1
BRDA:77,5,0,1
BRDA:77,5,1,7
BRDA:81,6,0,1
BRDA:81,6,1,1
BRDA:94,7,0,1
BRDA:94,7,1,7
BRDA:98,8,0,1
BRDA:98,8,1,1
BRDA:111,9,0,1
BRDA:111,9,1,7
BRDA:115,10,0,1
BRDA:115,10,1,1
BRDA:128,11,0,1
BRDA:128,11,1,7
BRDA:132,12,0,1
BRDA:132,12,1,1
BRDA:154,13,0,0
BRDA:154,13,1,0
BRF:28
BRH:22
end_of_record
TN:
SF:src/DefinitiveHierarchy/Collectionables/basicstreamablecollection.ts
FN:12,(anonymous_0)
FNF:1
FNH:1
FNDA:4,(anonymous_0)
DA:7,1
DA:12,4
LF:2
LH:2
BRF:0
BRH:0
end_of_record
TN:
SF:src/DefinitiveHierarchy/Collectionables/genreCollection.ts
FN:15,(anonymous_0)
FN:22,(anonymous_1)
FN:29,(anonymous_2)
FN:42,(anonymous_3)
FN:55,(anonymous_4)
FN:68,(anonymous_5)
FN:85,(anonymous_6)
FN:94,(anonymous_7)
FN:107,(anonymous_8)
FN:115,(anonymous_9)
FNF:10
FNH:8
FNDA:1,(anonymous_0)
FNDA:1,(anonymous_1)
FNDA:2,(anonymous_2)
FNDA:3,(anonymous_3)
FNDA:3,(anonymous_4)
FNDA:2,(anonymous_5)
FNDA:0,(anonymous_6)
FNDA:0,(anonymous_7)
FNDA:1,(anonymous_8)
FNDA:1,(anonymous_9)
DA:2,1
DA:10,1
DA:15,1
DA:16,1
DA:23,1
DA:30,2
DA:31,3
DA:32,1
DA:35,1
DA:43,3
DA:44,6
DA:45,2
DA:48,1
DA:56,3
DA:57,5
DA:58,2
DA:61,1
DA:69,2
DA:70,2
DA:71,4
DA:72,1
DA:75,2
DA:76,1
DA:78,2
DA:86,0
DA:87,0
DA:95,0
DA:96,0
DA:97,0
DA:98,0
DA:101,0
DA:108,1
DA:116,1
LF:33
LH:26
BRDA:31,0,0,1
BRDA:31,0,1,2
BRDA:44,1,0,2
BRDA:44,1,1,4
BRDA:57,2,0,2
BRDA:57,2,1,3
BRDA:71,3,0,1
BRDA:71,3,1,3
BRDA:75,4,0,1
BRDA:75,4,1,1
BRDA:97,5,0,0
BRDA:97,5,1,0
BRF:12
BRH:10
end_of_record
TN:
SF:src/DefinitiveHierarchy/Collectionables/playlistCollection.ts
FN:15,(anonymous_0)
FN:22,(anonymous_1)
FN:29,(anonymous_2)
FN:44,(anonymous_3)
FN:47,(anonymous_4)
FN:61,(anonymous_5)
FN:78,(anonymous_6)
FN:91,(anonymous_7)
FN:99,(anonymous_8)
FN:106,(anonymous_9)
FN:114,(anonymous_10)
FN:123,(anonymous_11)
FNF:12
FNH:10
FNDA:1,(anonymous_0)
FNDA:1,(anonymous_1)
FNDA:1,(anonymous_2)
FNDA:1,(anonymous_3)
FNDA:1,(anonymous_4)
FNDA:2,(anonymous_5)
FNDA:1,(anonymous_6)
FNDA:1,(anonymous_7)
FNDA:1,(anonymous_8)
FNDA:1,(anonymous_9)
FNDA:0,(anonymous_10)
FNDA:0,(anonymous_11)
DA:2,1
DA:10,1
DA:15,1
DA:16,1
DA:23,1
DA:30,1
DA:31,1
DA:32,2
DA:33,1
DA:36,1
DA:45,1
DA:48,1
DA:49,1
DA:50,2
DA:51,1
DA:54,1
DA:62,2
DA:63,2
DA:64,4
DA:65,1
DA:68,2
DA:69,1
DA:71,2
DA:79,1
DA:80,1
DA:81,2
DA:82,1
DA:85,1
DA:92,1
DA:100,1
DA:107,1
DA:115,0
DA:116,0
DA:124,0
DA:125,0
DA:126,0
DA:127,0
DA:130,0
LF:38
LH:31
BRDA:32,0,0,1
BRDA:32,0,1,1
BRDA:50,1,0,1
BRDA:50,1,1,1
BRDA:64,2,0,1
BRDA:64,2,1,3
BRDA:68,3,0,1
BRDA:68,3,1,1
BRDA:81,4,0,1
BRDA:81,4,1,1
BRDA:126,5,0,0
BRDA:126,5,1,0
BRF:12
BRH:10
end_of_record
TN:
SF:src/DefinitiveHierarchy/Collectionables/songCollection.ts
FN:14,(anonymous_0)
FN:21,(anonymous_1)
FN:28,(anonymous_2)
FN:41,(anonymous_3)
FN:54,(anonymous_4)
FN:71,(anonymous_5)
FN:84,(anonymous_6)
FN:97,(anonymous_7)
FN:106,(anonymous_8)
FN:119,(anonymous_9)
FN:127,(anonymous_10)
FN:134,(anonymous_11)
FNF:12
FNH:9
FNDA:1,(anonymous_0)
FNDA:0,(anonymous_1)
FNDA:1,(anonymous_2)
FNDA:2,(anonymous_3)
FNDA:2,(anonymous_4)
FNDA:2,(anonymous_5)
FNDA:2,(anonymous_6)
FNDA:0,(anonymous_7)
FNDA:0,(anonymous_8)
FNDA:1,(anonymous_9)
FNDA:1,(anonymous_10)
FNDA:1,(anonymous_11)
DA:2,1
DA:9,1
DA:14,1
DA:15,1
DA:22,0
DA:29,1
DA:30,1
DA:31,5
DA:32,1
DA:35,1
DA:42,2
DA:43,6
DA:44,1
DA:47,1
DA:55,2
DA:56,2
DA:57,10
DA:58,1
DA:61,2
DA:62,1
DA:64,2
DA:72,2
DA:73,6
DA:74,1
DA:77,1
DA:85,2
DA:86,10
DA:87,1
DA:90,1
DA:98,0
DA:99,0
DA:107,0
DA:108,0
DA:109,0
DA:110,0
DA:113,0
DA:120,1
DA:128,1
DA:135,1
LF:39
LH:31
BRDA:31,0,0,1
BRDA:31,0,1,4
BRDA:43,1,0,1
BRDA:43,1,1,5
BRDA:57,2,0,1
BRDA:57,2,1,9
BRDA:61,3,0,1
BRDA:61,3,1,1
BRDA:73,4,0,1
BRDA:73,4,1,5
BRDA:86,5,0,1
BRDA:86,5,1,9
BRDA:109,6,0,0
BRDA:109,6,1,0
BRF:14
BRH:12
end_of_record
TN:
SF:src/DefinitiveHierarchy/PrincipalClases/album.ts
FN:20,(anonymous_0)
FN:27,(anonymous_1)
FN:34,(anonymous_2)
FN:41,(anonymous_3)
FN:53,(anonymous_4)
FN:60,(anonymous_5)
FN:73,(anonymous_6)
FN:74,(anonymous_7)
FNF:8
FNH:8
FNDA:1,(anonymous_0)
FNDA:1,(anonymous_1)
FNDA:1,(anonymous_2)
FNDA:1,(anonymous_3)
FNDA:1,(anonymous_4)
FNDA:1,(anonymous_5)
FNDA:1,(anonymous_6)
FNDA:1,(anonymous_7)
DA:10,1
DA:20,1
DA:21,1
DA:28,1
DA:35,1
DA:42,1
DA:43,1
DA:44,1
DA:47,0
DA:54,1
DA:62,1
DA:63,1
DA:64,1
DA:67,0
DA:74,1
LF:15
LH:13
BRDA:43,0,0,1
BRDA:43,0,1,0
BRDA:63,1,0,1
BRDA:63,1,1,0
BRF:4
BRH:2
end_of_record
TN:
SF:src/DefinitiveHierarchy/PrincipalClases/artist.ts
FN:16,(anonymous_0)
FN:24,(anonymous_1)
FN:32,(anonymous_2)
FN:40,(anonymous_3)
FN:53,(anonymous_4)
FN:66,(anonymous_5)
FN:74,(anonymous_6)
FNF:7
FNH:7
FNDA:31,(anonymous_0)
FNDA:60,(anonymous_1)
FNDA:6,(anonymous_2)
FNDA:10,(anonymous_3)
FNDA:10,(anonymous_4)
FNDA:2,(anonymous_5)
FNDA:2,(anonymous_6)
DA:6,1
DA:16,31
DA:17,31
DA:25,60
DA:33,6
DA:41,10
DA:42,10
DA:43,3
DA:46,7
DA:54,10
DA:55,10
DA:56,3
DA:59,7
DA:67,2
DA:75,2
LF:15
LH:15
BRDA:42,0,0,3
BRDA:42,0,1,7
BRDA:55,1,0,3
BRDA:55,1,1,7
BRF:4
BRH:4
end_of_record
TN:
SF:src/DefinitiveHierarchy/PrincipalClases/groups.ts
FN:16,(anonymous_0)
FN:25,(anonymous_1)
FN:32,(anonymous_2)
FN:45,(anonymous_3)
FN:53,(anonymous_4)
FN:61,(anonymous_5)
FN:68,(anonymous_6)
FNF:7
FNH:7
FNDA:9,(anonymous_0)
FNDA:15,(anonymous_1)
FNDA:1,(anonymous_2)
FNDA:1,(anonymous_3)
FNDA:1,(anonymous_4)
FNDA:1,(anonymous_5)
FNDA:1,(anonymous_6)
DA:7,1
DA:16,9
DA:17,9
DA:18,9
DA:26,15
DA:34,1
DA:35,1
DA:36,1
DA:39,0
DA:46,1
DA:54,1
DA:62,1
DA:69,1
LF:13
LH:12
BRDA:35,0,0,1
BRDA:35,0,1,0
BRF:2
BRH:1
end_of_record
TN:
SF:src/DefinitiveHierarchy/PrincipalClases/musicGenre.ts
FN:18,(anonymous_0)
FN:26,(anonymous_1)
FN:34,(anonymous_2)
FN:48,(anonymous_3)
FN:62,(anonymous_4)
FN:76,(anonymous_5)
FNF:6
FNH:6
FNDA:18,(anonymous_0)
FNDA:15,(anonymous_1)
FNDA:8,(anonymous_2)
FNDA:9,(anonymous_3)
FNDA:1,(anonymous_4)
FNDA:1,(anonymous_5)
DA:9,1
DA:18,18
DA:19,18
DA:27,15
DA:35,8
DA:36,8
DA:37,7
DA:38,4
DA:41,8
DA:49,9
DA:50,9
DA:51,9
DA:52,5
DA:55,9
DA:63,1
DA:64,1
DA:65,1
DA:66,1
DA:69,1
DA:77,1
DA:78,1
DA:79,1
DA:80,1
DA:83,1
LF:24
LH:24
BRDA:37,0,0,4
BRDA:37,0,1,3
BRDA:51,1,0,5
BRDA:51,1,1,4
BRDA:65,2,0,1
BRDA:65,2,1,0
BRDA:79,3,0,1
BRDA:79,3,1,0
BRF:8
BRH:6
end_of_record
TN:
SF:src/DefinitiveHierarchy/PrincipalClases/playlist.ts
FN:16,(anonymous_0)
FN:23,(anonymous_1)
FN:30,(anonymous_2)
FN:39,(anonymous_3)
FN:42,(anonymous_4)
FN:51,(anonymous_5)
FN:54,(anonymous_6)
FN:58,(anonymous_7)
FN:67,(anonymous_8)
FN:75,(anonymous_9)
FN:87,(anonymous_10)
FN:96,(anonymous_11)
FNF:12
FNH:10
FNDA:4,(anonymous_0)
FNDA:12,(anonymous_1)
FNDA:2,(anonymous_2)
FNDA:2,(anonymous_3)
FNDA:1,(anonymous_4)
FNDA:1,(anonymous_5)
FNDA:0,(anonymous_6)
FNDA:0,(anonymous_7)
FNDA:2,(anonymous_8)
FNDA:1,(anonymous_9)
FNDA:1,(anonymous_10)
FNDA:1,(anonymous_11)
DA:7,1
DA:16,4
DA:17,4
DA:24,12
DA:31,2
DA:32,2
DA:33,20
DA:34,2
DA:37,2
DA:40,2
DA:43,1
DA:44,1
DA:45,4
DA:46,1
DA:49,1
DA:52,1
DA:55,0
DA:56,0
DA:59,0
DA:60,0
DA:61,0
DA:62,0
DA:65,0
DA:68,2
DA:76,1
DA:77,1
DA:78,4
DA:80,1
DA:88,1
DA:89,1
DA:90,4
DA:91,0
DA:94,1
DA:97,1
LF:34
LH:26
BRDA:33,0,0,2
BRDA:33,0,1,18
BRDA:45,1,0,1
BRDA:45,1,1,3
BRDA:61,2,0,0
BRDA:61,2,1,0
BRDA:90,3,0,0
BRDA:90,3,1,4
BRF:8
BRH:5
end_of_record
TN:
SF:src/DefinitiveHierarchy/PrincipalClases/song.ts
FN:18,(anonymous_0)
FN:25,(anonymous_1)
FN:33,(anonymous_2)
FN:47,(anonymous_3)
FN:55,(anonymous_4)
FN:67,(anonymous_5)
FN:81,(anonymous_6)
FN:89,(anonymous_7)
FNF:8
FNH:8
FNDA:41,(anonymous_0)
FNDA:46,(anonymous_1)
FNDA:8,(anonymous_2)
FNDA:15,(anonymous_3)
FNDA:14,(anonymous_4)
FNDA:1,(anonymous_5)
FNDA:1,(anonymous_6)
FNDA:7,(anonymous_7)
DA:8,1
DA:18,41
DA:19,41
DA:26,46
DA:34,8
DA:35,8
DA:36,8
DA:37,3
DA:40,8
DA:48,15
DA:56,14
DA:57,14
DA:58,14
DA:60,14
DA:68,1
DA:69,1
DA:70,1
DA:71,1
DA:74,1
DA:82,1
DA:90,7
LF:21
LH:21
BRDA:36,0,0,3
BRDA:36,0,1,5
BRDA:70,1,0,1
BRDA:70,1,1,0
BRF:4
BRH:3
end_of_record
